18:48:52.714 [info] Ant with pid #PID<0.106.0> has the data [0.22222222222222213, 0.6249999999999999, 0.06779661016949151, 0.04166666666666667]
18:48:52.714 [info] Ant with pid #PID<0.107.0> has the data [0.1666666666666668, 0.41666666666666663, 0.06779661016949151, 0.04166666666666667]
18:48:52.714 [info] Ant with pid #PID<0.109.0> has the data [0.11111111111111119, 0.5, 0.05084745762711865, 0.04166666666666667]
18:48:52.715 [info] Ant with pid #PID<0.110.0> has the data [0.08333333333333327, 0.4583333333333333, 0.0847457627118644, 0.04166666666666667]
18:48:52.715 [info] Ant with pid #PID<0.111.0> has the data [0.19444444444444448, 0.6666666666666666, 0.06779661016949151, 0.04166666666666667]
18:48:52.715 [info] Ant with pid #PID<0.112.0> has the data [0.30555555555555564, 0.7916666666666665, 0.11864406779661016, 0.12500000000000003]
18:48:52.715 [info] Ant with pid #PID<0.113.0> has the data [0.08333333333333327, 0.5833333333333333, 0.06779661016949151, 0.08333333333333333]
18:48:52.715 [info] Ant with pid #PID<0.114.0> has the data [0.19444444444444448, 0.5833333333333333, 0.0847457627118644, 0.04166666666666667]
18:48:52.715 [info] Ant with pid #PID<0.115.0> has the data [0.027777777777777922, 0.3749999999999999, 0.06779661016949151, 0.04166666666666667]
18:48:52.715 [info] Ant with pid #PID<0.116.0> has the data [0.1666666666666668, 0.4583333333333333, 0.0847457627118644, 0.0]
18:48:52.716 [info] Ant with pid #PID<0.117.0> has the data [0.30555555555555564, 0.7083333333333333, 0.0847457627118644, 0.04166666666666667]
18:48:52.716 [info] Ant with pid #PID<0.118.0> has the data [0.13888888888888887, 0.5833333333333333, 0.1016949152542373, 0.04166666666666667]
18:48:52.716 [info] Ant with pid #PID<0.119.0> has the data [0.13888888888888887, 0.41666666666666663, 0.06779661016949151, 0.0]
18:48:52.716 [info] Ant with pid #PID<0.120.0> has the data [0.0, 0.41666666666666663, 0.016949152542372895, 0.0]
18:48:52.716 [info] Ant with pid #PID<0.121.0> has the data [0.41666666666666663, 0.8333333333333333, 0.033898305084745756, 0.04166666666666667]
18:48:52.716 [info] Ant with pid #PID<0.122.0> has the data [0.38888888888888895, 1.0, 0.0847457627118644, 0.12500000000000003]
18:48:52.716 [info] Ant with pid #PID<0.123.0> has the data [0.30555555555555564, 0.7916666666666665, 0.05084745762711865, 0.12500000000000003]
18:48:52.716 [info] Ant with pid #PID<0.124.0> has the data [0.22222222222222213, 0.6249999999999999, 0.06779661016949151, 0.08333333333333333]
18:48:52.717 [info] Ant with pid #PID<0.125.0> has the data [0.38888888888888895, 0.7499999999999998, 0.11864406779661016, 0.08333333333333333]
18:48:52.717 [info] Ant with pid #PID<0.126.0> has the data [0.22222222222222213, 0.7499999999999998, 0.0847457627118644, 0.08333333333333333]
18:48:52.717 [info] Ant with pid #PID<0.127.0> has the data [0.30555555555555564, 0.5833333333333333, 0.11864406779661016, 0.04166666666666667]
18:48:52.717 [info] Ant with pid #PID<0.128.0> has the data [0.22222222222222213, 0.7083333333333333, 0.0847457627118644, 0.12500000000000003]
18:48:52.717 [info] Ant with pid #PID<0.129.0> has the data [0.08333333333333327, 0.6666666666666666, 0.0, 0.04166666666666667]
18:48:52.717 [info] Ant with pid #PID<0.130.0> has the data [0.22222222222222213, 0.5416666666666665, 0.11864406779661016, 0.16666666666666669]
18:48:52.717 [info] Ant with pid #PID<0.131.0> has the data [0.13888888888888887, 0.5833333333333333, 0.15254237288135591, 0.04166666666666667]
18:48:52.717 [info] Ant with pid #PID<0.132.0> has the data [0.19444444444444448, 0.41666666666666663, 0.1016949152542373, 0.04166666666666667]
18:48:52.717 [info] Ant with pid #PID<0.133.0> has the data [0.19444444444444448, 0.5833333333333333, 0.1016949152542373, 0.12500000000000003]
18:48:52.718 [info] Ant with pid #PID<0.134.0> has the data [0.25000000000000006, 0.6249999999999999, 0.0847457627118644, 0.04166666666666667]
18:48:52.718 [info] Ant with pid #PID<0.135.0> has the data [0.25000000000000006, 0.5833333333333333, 0.06779661016949151, 0.04166666666666667]
18:48:52.718 [info] Ant with pid #PID<0.136.0> has the data [0.11111111111111119, 0.5, 0.1016949152542373, 0.04166666666666667]
18:48:52.718 [info] Ant with pid #PID<0.137.0> has the data [0.13888888888888887, 0.4583333333333333, 0.1016949152542373, 0.04166666666666667]
18:48:52.718 [info] Ant with pid #PID<0.138.0> has the data [0.30555555555555564, 0.5833333333333333, 0.0847457627118644, 0.12500000000000003]
18:48:52.718 [info] Ant with pid #PID<0.139.0> has the data [0.25000000000000006, 0.8749999999999998, 0.0847457627118644, 0.0]
18:48:52.718 [info] Ant with pid #PID<0.140.0> has the data [0.3333333333333333, 0.9166666666666666, 0.06779661016949151, 0.04166666666666667]
18:48:52.718 [info] Ant with pid #PID<0.141.0> has the data [0.1666666666666668, 0.4583333333333333, 0.0847457627118644, 0.04166666666666667]
18:48:52.719 [info] Ant with pid #PID<0.142.0> has the data [0.19444444444444448, 0.5, 0.033898305084745756, 0.04166666666666667]
18:48:52.719 [info] Ant with pid #PID<0.143.0> has the data [0.3333333333333333, 0.6249999999999999, 0.05084745762711865, 0.04166666666666667]
18:48:52.719 [info] Ant with pid #PID<0.144.0> has the data [0.1666666666666668, 0.6666666666666666, 0.06779661016949151, 0.0]
18:48:52.719 [info] Ant with pid #PID<0.145.0> has the data [0.027777777777777922, 0.41666666666666663, 0.05084745762711865, 0.04166666666666667]
18:48:52.719 [info] Ant with pid #PID<0.146.0> has the data [0.22222222222222213, 0.5833333333333333, 0.0847457627118644, 0.04166666666666667]
18:48:52.719 [info] Ant with pid #PID<0.147.0> has the data [0.19444444444444448, 0.6249999999999999, 0.05084745762711865, 0.08333333333333333]
18:48:52.719 [info] Ant with pid #PID<0.148.0> has the data [0.055555555555555594, 0.1249999999999999, 0.05084745762711865, 0.08333333333333333]
18:48:52.719 [info] Ant with pid #PID<0.149.0> has the data [0.027777777777777922, 0.5, 0.05084745762711865, 0.04166666666666667]
18:48:52.720 [info] Ant with pid #PID<0.150.0> has the data [0.19444444444444448, 0.6249999999999999, 0.1016949152542373, 0.20833333333333334]
18:48:52.720 [info] Ant with pid #PID<0.151.0> has the data [0.22222222222222213, 0.7499999999999998, 0.15254237288135591, 0.12500000000000003]
18:48:52.720 [info] Ant with pid #PID<0.152.0> has the data [0.13888888888888887, 0.41666666666666663, 0.06779661016949151, 0.08333333333333333]
18:48:52.720 [info] Ant with pid #PID<0.153.0> has the data [0.22222222222222213, 0.7499999999999998, 0.1016949152542373, 0.04166666666666667]
18:48:52.720 [info] Ant with pid #PID<0.154.0> has the data [0.08333333333333327, 0.5, 0.06779661016949151, 0.04166666666666667]
18:48:52.720 [info] Ant with pid #PID<0.155.0> has the data [0.27777777777777773, 0.7083333333333333, 0.0847457627118644, 0.04166666666666667]
18:48:52.720 [info] Ant with pid #PID<0.156.0> has the data [0.19444444444444448, 0.5416666666666665, 0.06779661016949151, 0.04166666666666667]
18:48:52.720 [info] Ant with pid #PID<0.157.0> has the data [0.7499999999999999, 0.5, 0.6271186440677966, 0.5416666666666666]
18:48:52.720 [info] Ant with pid #PID<0.158.0> has the data [0.5833333333333334, 0.5, 0.5932203389830508, 0.5833333333333334]
18:48:52.721 [info] Ant with pid #PID<0.159.0> has the data [0.7222222222222222, 0.4583333333333333, 0.6610169491525424, 0.5833333333333334]
18:48:52.721 [info] Ant with pid #PID<0.160.0> has the data [0.3333333333333333, 0.1249999999999999, 0.5084745762711864, 0.5]
18:48:52.721 [info] Ant with pid #PID<0.161.0> has the data [0.611111111111111, 0.3333333333333332, 0.6101694915254237, 0.5833333333333334]
18:48:52.721 [info] Ant with pid #PID<0.162.0> has the data [0.38888888888888895, 0.3333333333333332, 0.5932203389830508, 0.5]
18:48:52.721 [info] Ant with pid #PID<0.163.0> has the data [0.5555555555555555, 0.5416666666666665, 0.6271186440677966, 0.625]
18:48:52.721 [info] Ant with pid #PID<0.164.0> has the data [0.1666666666666668, 0.1666666666666666, 0.38983050847457623, 0.375]
18:48:52.721 [info] Ant with pid #PID<0.165.0> has the data [0.6388888888888887, 0.3749999999999999, 0.6101694915254237, 0.5]
18:48:52.721 [info] Ant with pid #PID<0.166.0> has the data [0.25000000000000006, 0.2916666666666667, 0.4915254237288135, 0.5416666666666666]
18:48:52.722 [info] Ant with pid #PID<0.167.0> has the data [0.19444444444444448, 0.0, 0.423728813559322, 0.375]
18:48:52.722 [info] Ant with pid #PID<0.168.0> has the data [0.44444444444444453, 0.41666666666666663, 0.5423728813559322, 0.5833333333333334]
18:48:52.722 [info] Ant with pid #PID<0.169.0> has the data [0.4722222222222222, 0.0833333333333334, 0.5084745762711864, 0.375]
18:48:52.722 [info] Ant with pid #PID<0.170.0> has the data [0.4999999999999999, 0.3749999999999999, 0.6271186440677966, 0.5416666666666666]
18:48:52.722 [info] Ant with pid #PID<0.171.0> has the data [0.361111111111111, 0.3749999999999999, 0.4406779661016949, 0.5]
18:48:52.722 [info] Ant with pid #PID<0.172.0> has the data [0.6666666666666666, 0.4583333333333333, 0.576271186440678, 0.5416666666666666]
18:48:52.722 [info] Ant with pid #PID<0.173.0> has the data [0.361111111111111, 0.41666666666666663, 0.5932203389830508, 0.5833333333333334]
18:48:52.722 [info] Ant with pid #PID<0.174.0> has the data [0.41666666666666663, 0.2916666666666667, 0.5254237288135593, 0.375]
18:48:52.723 [info] Ant with pid #PID<0.175.0> has the data [0.5277777777777778, 0.0833333333333334, 0.5932203389830508, 0.5833333333333334]
18:48:52.723 [info] Ant with pid #PID<0.176.0> has the data [0.361111111111111, 0.20833333333333331, 0.4915254237288135, 0.4166666666666667]
18:48:52.723 [info] Ant with pid #PID<0.177.0> has the data [0.44444444444444453, 0.5, 0.6440677966101694, 0.7083333333333334]
18:48:52.723 [info] Ant with pid #PID<0.178.0> has the data [0.4999999999999999, 0.3333333333333332, 0.5084745762711864, 0.5]
18:48:52.723 [info] Ant with pid #PID<0.179.0> has the data [0.5555555555555555, 0.20833333333333331, 0.6610169491525424, 0.5833333333333334]
18:48:52.723 [info] Ant with pid #PID<0.180.0> has the data [0.4999999999999999, 0.3333333333333332, 0.6271186440677966, 0.4583333333333333]
18:48:52.723 [info] Ant with pid #PID<0.181.0> has the data [0.5833333333333334, 0.3749999999999999, 0.559322033898305, 0.5]
18:48:52.723 [info] Ant with pid #PID<0.182.0> has the data [0.6388888888888887, 0.41666666666666663, 0.576271186440678, 0.5416666666666666]
18:48:52.724 [info] Ant with pid #PID<0.183.0> has the data [0.6944444444444443, 0.3333333333333332, 0.6440677966101694, 0.5416666666666666]
18:48:52.724 [info] Ant with pid #PID<0.184.0> has the data [0.6666666666666666, 0.41666666666666663, 0.6779661016949152, 0.6666666666666666]
18:48:52.724 [info] Ant with pid #PID<0.185.0> has the data [0.4722222222222222, 0.3749999999999999, 0.5932203389830508, 0.5833333333333334]
18:48:52.724 [info] Ant with pid #PID<0.186.0> has the data [0.38888888888888895, 0.25, 0.423728813559322, 0.375]
18:48:52.724 [info] Ant with pid #PID<0.187.0> has the data [0.3333333333333333, 0.1666666666666666, 0.47457627118644063, 0.4166666666666667]
18:48:52.724 [info] Ant with pid #PID<0.188.0> has the data [0.3333333333333333, 0.1666666666666666, 0.4576271186440678, 0.375]
18:48:52.724 [info] Ant with pid #PID<0.189.0> has the data [0.41666666666666663, 0.2916666666666667, 0.4915254237288135, 0.4583333333333333]
18:48:52.724 [info] Ant with pid #PID<0.190.0> has the data [0.4722222222222222, 0.2916666666666667, 0.6949152542372881, 0.625]
18:48:52.725 [info] Ant with pid #PID<0.191.0> has the data [0.30555555555555564, 0.41666666666666663, 0.5932203389830508, 0.5833333333333334]
18:48:52.725 [info] Ant with pid #PID<0.192.0> has the data [0.4722222222222222, 0.5833333333333333, 0.5932203389830508, 0.625]
18:48:52.725 [info] Ant with pid #PID<0.193.0> has the data [0.6666666666666666, 0.4583333333333333, 0.6271186440677966, 0.5833333333333334]
18:48:52.725 [info] Ant with pid #PID<0.194.0> has the data [0.5555555555555555, 0.1249999999999999, 0.576271186440678, 0.5]
18:48:52.725 [info] Ant with pid #PID<0.195.0> has the data [0.361111111111111, 0.41666666666666663, 0.5254237288135593, 0.5]
18:48:52.725 [info] Ant with pid #PID<0.196.0> has the data [0.3333333333333333, 0.20833333333333331, 0.5084745762711864, 0.5]
18:48:52.725 [info] Ant with pid #PID<0.197.0> has the data [0.3333333333333333, 0.25, 0.576271186440678, 0.4583333333333333]
18:48:52.725 [info] Ant with pid #PID<0.198.0> has the data [0.4999999999999999, 0.41666666666666663, 0.6101694915254237, 0.5416666666666666]
18:48:52.726 [info] Ant with pid #PID<0.199.0> has the data [0.41666666666666663, 0.25, 0.5084745762711864, 0.4583333333333333]
18:48:52.726 [info] Ant with pid #PID<0.200.0> has the data [0.19444444444444448, 0.1249999999999999, 0.38983050847457623, 0.375]
18:48:52.726 [info] Ant with pid #PID<0.201.0> has the data [0.361111111111111, 0.2916666666666667, 0.5423728813559322, 0.5]
18:48:52.726 [info] Ant with pid #PID<0.202.0> has the data [0.38888888888888895, 0.41666666666666663, 0.5423728813559322, 0.4583333333333333]
18:48:52.726 [info] Ant with pid #PID<0.203.0> has the data [0.38888888888888895, 0.3749999999999999, 0.5423728813559322, 0.5]
18:48:52.726 [info] Ant with pid #PID<0.204.0> has the data [0.5277777777777778, 0.3749999999999999, 0.559322033898305, 0.5]
18:48:52.726 [info] Ant with pid #PID<0.205.0> has the data [0.22222222222222213, 0.20833333333333331, 0.3389830508474576, 0.4166666666666667]
18:48:52.726 [info] Ant with pid #PID<0.206.0> has the data [0.38888888888888895, 0.3333333333333332, 0.5254237288135593, 0.5]
18:48:52.726 [info] Ant with pid #PID<0.207.0> has the data [0.5555555555555555, 0.5416666666666665, 0.847457627118644, 1.0]
18:48:52.727 [info] Ant with pid #PID<0.208.0> has the data [0.41666666666666663, 0.2916666666666667, 0.6949152542372881, 0.75]
18:48:52.727 [info] Ant with pid #PID<0.209.0> has the data [0.7777777777777776, 0.41666666666666663, 0.8305084745762712, 0.8333333333333334]
18:48:52.727 [info] Ant with pid #PID<0.210.0> has the data [0.5555555555555555, 0.3749999999999999, 0.7796610169491525, 0.7083333333333334]
18:48:52.727 [info] Ant with pid #PID<0.211.0> has the data [0.611111111111111, 0.41666666666666663, 0.8135593220338982, 0.8750000000000001]
18:48:52.727 [info] Ant with pid #PID<0.212.0> has the data [0.9166666666666665, 0.41666666666666663, 0.9491525423728813, 0.8333333333333334]
18:48:52.727 [info] Ant with pid #PID<0.213.0> has the data [0.1666666666666668, 0.20833333333333331, 0.5932203389830508, 0.6666666666666666]
18:48:52.727 [info] Ant with pid #PID<0.214.0> has the data [0.8333333333333333, 0.3749999999999999, 0.8983050847457626, 0.7083333333333334]
18:48:52.727 [info] Ant with pid #PID<0.215.0> has the data [0.6666666666666666, 0.20833333333333331, 0.8135593220338982, 0.7083333333333334]
18:48:52.728 [info] Ant with pid #PID<0.216.0> has the data [0.8055555555555556, 0.6666666666666666, 0.8644067796610169, 1.0]
18:48:52.728 [info] Ant with pid #PID<0.217.0> has the data [0.611111111111111, 0.5, 0.6949152542372881, 0.7916666666666666]
18:48:52.728 [info] Ant with pid #PID<0.218.0> has the data [0.5833333333333334, 0.2916666666666667, 0.7288135593220338, 0.75]
18:48:52.728 [info] Ant with pid #PID<0.219.0> has the data [0.6944444444444443, 0.41666666666666663, 0.7627118644067796, 0.8333333333333334]
18:48:52.728 [info] Ant with pid #PID<0.220.0> has the data [0.38888888888888895, 0.20833333333333331, 0.6779661016949152, 0.7916666666666666]
18:48:52.728 [info] Ant with pid #PID<0.221.0> has the data [0.41666666666666663, 0.3333333333333332, 0.6949152542372881, 0.9583333333333333]
18:48:52.728 [info] Ant with pid #PID<0.222.0> has the data [0.5833333333333334, 0.5, 0.7288135593220338, 0.9166666666666666]
18:48:52.728 [info] Ant with pid #PID<0.223.0> has the data [0.611111111111111, 0.41666666666666663, 0.7627118644067796, 0.7083333333333334]
18:48:52.728 [info] Ant with pid #PID<0.224.0> has the data [0.9444444444444444, 0.7499999999999998, 0.9661016949152542, 0.8750000000000001]
18:48:52.728 [info] Ant with pid #PID<0.225.0> has the data [0.9444444444444444, 0.25, 1.0, 0.9166666666666666]
18:48:52.728 [info] Ant with pid #PID<0.226.0> has the data [0.4722222222222222, 0.0833333333333334, 0.6779661016949152, 0.5833333333333334]
18:48:52.728 [info] Ant with pid #PID<0.227.0> has the data [0.7222222222222222, 0.5, 0.7966101694915254, 0.9166666666666666]
18:48:52.729 [info] Ant with pid #PID<0.228.0> has the data [0.361111111111111, 0.3333333333333332, 0.6610169491525424, 0.7916666666666666]
18:48:52.729 [info] Ant with pid #PID<0.229.0> has the data [0.9444444444444444, 0.3333333333333332, 0.9661016949152542, 0.7916666666666666]
18:48:52.729 [info] Ant with pid #PID<0.230.0> has the data [0.5555555555555555, 0.2916666666666667, 0.6610169491525424, 0.7083333333333334]
18:48:52.729 [info] Ant with pid #PID<0.231.0> has the data [0.6666666666666666, 0.5416666666666665, 0.7966101694915254, 0.8333333333333334]
18:48:52.729 [info] Ant with pid #PID<0.232.0> has the data [0.8055555555555556, 0.5, 0.847457627118644, 0.7083333333333334]
18:48:52.729 [info] Ant with pid #PID<0.233.0> has the data [0.5277777777777778, 0.3333333333333332, 0.6440677966101694, 0.7083333333333334]
18:48:52.729 [info] Ant with pid #PID<0.234.0> has the data [0.4999999999999999, 0.41666666666666663, 0.6610169491525424, 0.7083333333333334]
18:48:52.729 [info] Ant with pid #PID<0.235.0> has the data [0.5833333333333334, 0.3333333333333332, 0.7796610169491525, 0.8333333333333334]
18:48:52.729 [info] Ant with pid #PID<0.236.0> has the data [0.8055555555555556, 0.41666666666666663, 0.8135593220338982, 0.625]
18:48:52.729 [info] Ant with pid #PID<0.237.0> has the data [0.8611111111111112, 0.3333333333333332, 0.8644067796610169, 0.75]
18:48:52.730 [info] Ant with pid #PID<0.238.0> has the data [1.0, 0.7499999999999998, 0.9152542372881356, 0.7916666666666666]
18:48:52.730 [info] Ant with pid #PID<0.239.0> has the data [0.5833333333333334, 0.3333333333333332, 0.7796610169491525, 0.8750000000000001]
18:48:52.730 [info] Ant with pid #PID<0.240.0> has the data [0.5555555555555555, 0.3333333333333332, 0.6949152542372881, 0.5833333333333334]
18:48:52.730 [info] Ant with pid #PID<0.241.0> has the data [0.4999999999999999, 0.25, 0.7796610169491525, 0.5416666666666666]
18:48:52.730 [info] Ant with pid #PID<0.242.0> has the data [0.9444444444444444, 0.41666666666666663, 0.8644067796610169, 0.9166666666666666]
18:48:52.730 [info] Ant with pid #PID<0.243.0> has the data [0.5555555555555555, 0.5833333333333333, 0.7796610169491525, 0.9583333333333333]
18:48:52.730 [info] Ant with pid #PID<0.244.0> has the data [0.5833333333333334, 0.4583333333333333, 0.7627118644067796, 0.7083333333333334]
18:48:52.730 [info] Ant with pid #PID<0.245.0> has the data [0.4722222222222222, 0.41666666666666663, 0.6440677966101694, 0.7083333333333334]
18:48:52.730 [info] Ant with pid #PID<0.246.0> has the data [0.7222222222222222, 0.4583333333333333, 0.7457627118644068, 0.8333333333333334]
18:48:52.731 [info] Ant with pid #PID<0.247.0> has the data [0.6666666666666666, 0.4583333333333333, 0.7796610169491525, 0.9583333333333333]
18:48:52.731 [info] Ant with pid #PID<0.248.0> has the data [0.7222222222222222, 0.4583333333333333, 0.6949152542372881, 0.9166666666666666]
18:48:52.731 [info] Ant with pid #PID<0.249.0> has the data [0.41666666666666663, 0.2916666666666667, 0.6949152542372881, 0.75]
18:48:52.731 [info] Ant with pid #PID<0.250.0> has the data [0.6944444444444443, 0.5, 0.8305084745762712, 0.9166666666666666]
18:48:52.731 [info] Ant with pid #PID<0.251.0> has the data [0.6666666666666666, 0.5416666666666665, 0.7966101694915254, 1.0]
18:48:52.731 [info] Ant with pid #PID<0.252.0> has the data [0.6666666666666666, 0.41666666666666663, 0.711864406779661, 0.9166666666666666]
18:48:52.731 [info] Ant with pid #PID<0.253.0> has the data [0.5555555555555555, 0.20833333333333331, 0.6779661016949152, 0.75]
18:48:52.731 [info] Ant with pid #PID<0.254.0> has the data [0.611111111111111, 0.41666666666666663, 0.711864406779661, 0.7916666666666666]
18:48:52.732 [info] Ant with pid #PID<0.255.0> has the data [0.5277777777777778, 0.5833333333333333, 0.7457627118644068, 0.9166666666666666]
18:48:52.732 [info] Ant with pid #PID<0.256.0> has the data [0.44444444444444453, 0.41666666666666663, 0.6949152542372881, 0.7083333333333334]
18:48:52.736 [info] Ant with pid #PID<0.106.0> is put on the position {16, 17}
18:48:52.736 [info] Ant with pid #PID<0.107.0> is put on the position {13, 7}
18:48:52.736 [info] Ant with pid #PID<0.109.0> is put on the position {4, 5}
18:48:52.736 [info] Ant with pid #PID<0.110.0> is put on the position {19, 21}
18:48:52.736 [info] Ant with pid #PID<0.111.0> is put on the position {8, 12}
18:48:52.736 [info] Ant with pid #PID<0.112.0> is put on the position {19, 13}
18:48:52.736 [info] Ant with pid #PID<0.113.0> is put on the position {6, 14}
18:48:52.736 [info] Ant with pid #PID<0.114.0> is put on the position {18, 15}
18:48:52.736 [info] Ant with pid #PID<0.115.0> is put on the position {5, 14}
18:48:52.736 [info] Ant with pid #PID<0.116.0> is put on the position {17, 8}
18:48:52.736 [info] Ant with pid #PID<0.117.0> is put on the position {2, 11}
18:48:52.737 [info] Ant with pid #PID<0.118.0> is put on the position {10, 9}
18:48:52.737 [info] Ant with pid #PID<0.119.0> is put on the position {19, 10}
18:48:52.737 [info] Ant with pid #PID<0.120.0> is put on the position {5, 21}
18:48:52.737 [info] Ant with pid #PID<0.121.0> is put on the position {17, 16}
18:48:52.737 [info] Ant with pid #PID<0.122.0> is put on the position {5, 11}
18:48:52.737 [info] Ant with pid #PID<0.123.0> is put on the position {17, 7}
18:48:52.737 [info] Ant with pid #PID<0.124.0> is put on the position {5, 2}
18:48:52.737 [info] Ant with pid #PID<0.125.0> is put on the position {17, 23}
18:48:52.737 [info] Ant with pid #PID<0.126.0> is put on the position {5, 19}
18:48:52.737 [info] Ant with pid #PID<0.127.0> is put on the position {17, 18}
18:48:52.737 [info] Ant with pid #PID<0.128.0> is put on the position {4, 20}
18:48:52.737 [info] Ant with pid #PID<0.129.0> is put on the position {15, 21}
18:48:52.737 [info] Ant with pid #PID<0.130.0> is put on the position {0, 23}
18:48:52.738 [info] Ant with pid #PID<0.131.0> is put on the position {8, 22}
18:48:52.738 [info] Ant with pid #PID<0.132.0> is put on the position {17, 17}
18:48:52.738 [info] Ant with pid #PID<0.133.0> is put on the position {1, 1}
18:48:52.738 [info] Ant with pid #PID<0.134.0> is put on the position {13, 21}
18:48:52.738 [info] Ant with pid #PID<0.135.0> is put on the position {1, 14}
18:48:52.738 [info] Ant with pid #PID<0.136.0> is put on the position {13, 13}
18:48:52.738 [info] Ant with pid #PID<0.137.0> is put on the position {3, 19}
18:48:52.738 [info] Ant with pid #PID<0.138.0> is put on the position {16, 5}
18:48:52.738 [info] Ant with pid #PID<0.139.0> is put on the position {4, 19}
18:48:52.738 [info] Ant with pid #PID<0.140.0> is put on the position {17, 13}
18:48:52.738 [info] Ant with pid #PID<0.141.0> is put on the position {2, 4}
18:48:52.738 [info] Ant with pid #PID<0.142.0> is put on the position {12, 16}
18:48:52.739 [info] Ant with pid #PID<0.143.0> is put on the position {21, 17}
18:48:52.739 [info] Ant with pid #PID<0.144.0> is put on the position {6, 8}
18:48:52.739 [info] Ant with pid #PID<0.145.0> is put on the position {16, 23}
18:48:52.739 [info] Ant with pid #PID<0.146.0> is put on the position {4, 16}
18:48:52.739 [info] Ant with pid #PID<0.147.0> is put on the position {17, 5}
18:48:52.739 [info] Ant with pid #PID<0.148.0> is put on the position {6, 20}
18:48:52.739 [info] Ant with pid #PID<0.149.0> is put on the position {19, 8}
18:48:52.739 [info] Ant with pid #PID<0.150.0> is put on the position {7, 23}
18:48:52.739 [info] Ant with pid #PID<0.151.0> is put on the position {21, 7}
18:48:52.739 [info] Ant with pid #PID<0.152.0> is put on the position {7, 16}
18:48:52.739 [info] Ant with pid #PID<0.153.0> is put on the position {18, 22}
18:48:52.739 [info] Ant with pid #PID<0.154.0> is put on the position {3, 12}
18:48:52.740 [info] Ant with pid #PID<0.155.0> is put on the position {13, 1}
18:48:52.740 [info] Ant with pid #PID<0.156.0> is put on the position {22, 4}
18:48:52.740 [info] Ant with pid #PID<0.157.0> is put on the position {10, 23}
18:48:52.740 [info] Ant with pid #PID<0.158.0> is put on the position {20, 7}
18:48:52.740 [info] Ant with pid #PID<0.159.0> is put on the position {6, 19}
18:48:52.740 [info] Ant with pid #PID<0.160.0> is put on the position {15, 19}
18:48:52.740 [info] Ant with pid #PID<0.161.0> is put on the position {4, 9}
18:48:52.740 [info] Ant with pid #PID<0.162.0> is put on the position {15, 10}
18:48:52.740 [info] Ant with pid #PID<0.163.0> is put on the position {5, 12}
18:48:52.740 [info] Ant with pid #PID<0.164.0> is put on the position {19, 11}
18:48:52.740 [info] Ant with pid #PID<0.165.0> is put on the position {9, 19}
18:48:52.741 [info] Ant with pid #PID<0.166.0> is put on the position {22, 2}
18:48:52.741 [info] Ant with pid #PID<0.167.0> is put on the position {17, 10}
18:48:52.741 [info] Ant with pid #PID<0.168.0> is put on the position {10, 13}
18:48:52.741 [info] Ant with pid #PID<0.169.0> is put on the position {23, 23}
18:48:52.741 [info] Ant with pid #PID<0.170.0> is put on the position {13, 2}
18:48:52.741 [info] Ant with pid #PID<0.171.0> is put on the position {2, 13}
18:48:52.741 [info] Ant with pid #PID<0.172.0> is put on the position {17, 12}
18:48:52.741 [info] Ant with pid #PID<0.173.0> is put on the position {6, 0}
18:48:52.741 [info] Ant with pid #PID<0.174.0> is put on the position {22, 10}
18:48:52.742 [info] Ant with pid #PID<0.175.0> is put on the position {8, 18}
18:48:52.742 [info] Ant with pid #PID<0.176.0> is put on the position {20, 20}
18:48:52.742 [info] Ant with pid #PID<0.177.0> is put on the position {6, 1}
18:48:52.742 [info] Ant with pid #PID<0.178.0> is put on the position {20, 3}
18:48:52.742 [info] Ant with pid #PID<0.179.0> is put on the position {9, 22}
18:48:52.742 [info] Ant with pid #PID<0.180.0> is put on the position {21, 15}
18:48:52.742 [info] Ant with pid #PID<0.181.0> is put on the position {7, 1}
18:48:52.742 [info] Ant with pid #PID<0.182.0> is put on the position {19, 0}
18:48:52.742 [info] Ant with pid #PID<0.183.0> is put on the position {6, 23}
18:48:52.742 [info] Ant with pid #PID<0.184.0> is put on the position {22, 14}
18:48:52.742 [info] Ant with pid #PID<0.185.0> is put on the position {11, 21}
18:48:52.743 [info] Ant with pid #PID<0.186.0> is put on the position {2, 15}
18:48:52.743 [info] Ant with pid #PID<0.187.0> is put on the position {21, 5}
18:48:52.743 [info] Ant with pid #PID<0.188.0> is put on the position {11, 7}
18:48:52.743 [info] Ant with pid #PID<0.189.0> is put on the position {2, 0}
18:48:52.743 [info] Ant with pid #PID<0.190.0> is put on the position {14, 18}
18:48:52.743 [info] Ant with pid #PID<0.191.0> is put on the position {2, 19}
18:48:52.743 [info] Ant with pid #PID<0.192.0> is put on the position {14, 11}
18:48:52.743 [info] Ant with pid #PID<0.193.0> is put on the position {1, 16}
18:48:52.743 [info] Ant with pid #PID<0.194.0> is put on the position {13, 9}
18:48:52.743 [info] Ant with pid #PID<0.195.0> is put on the position {2, 1}
18:48:52.744 [info] Ant with pid #PID<0.196.0> is put on the position {19, 22}
18:48:52.744 [info] Ant with pid #PID<0.197.0> is put on the position {7, 19}
18:48:52.744 [info] Ant with pid #PID<0.198.0> is put on the position {18, 18}
18:48:52.744 [info] Ant with pid #PID<0.199.0> is put on the position {10, 7}
18:48:52.744 [info] Ant with pid #PID<0.200.0> is put on the position {7, 2}
18:48:52.744 [info] Ant with pid #PID<0.201.0> is put on the position {23, 9}
18:48:52.744 [info] Ant with pid #PID<0.202.0> is put on the position {21, 19}
18:48:52.744 [info] Ant with pid #PID<0.203.0> is put on the position {13, 8}
18:48:52.745 [info] Ant with pid #PID<0.204.0> is put on the position {5, 17}
18:48:52.745 [info] Ant with pid #PID<0.205.0> is put on the position {21, 4}
18:48:52.745 [info] Ant with pid #PID<0.206.0> is put on the position {2, 23}
18:48:52.745 [info] Ant with pid #PID<0.207.0> is put on the position {23, 16}
18:48:52.745 [info] Ant with pid #PID<0.208.0> is put on the position {13, 14}
18:48:52.745 [info] Ant with pid #PID<0.209.0> is put on the position {2, 7}
18:48:52.745 [info] Ant with pid #PID<0.210.0> is put on the position {18, 12}
18:48:52.746 [info] Ant with pid #PID<0.211.0> is put on the position {18, 1}
18:48:52.746 [info] Ant with pid #PID<0.212.0> is put on the position {12, 19}
18:48:52.746 [info] Ant with pid #PID<0.213.0> is put on the position {11, 19}
18:48:52.746 [info] Ant with pid #PID<0.214.0> is put on the position {3, 11}
18:48:52.746 [info] Ant with pid #PID<0.215.0> is put on the position {18, 6}
18:48:52.746 [info] Ant with pid #PID<0.216.0> is put on the position {7, 14}
18:48:52.746 [info] Ant with pid #PID<0.217.0> is put on the position {21, 13}
18:48:52.746 [info] Ant with pid #PID<0.218.0> is put on the position {11, 22}
18:48:52.746 [info] Ant with pid #PID<0.219.0> is put on the position {0, 4}
18:48:52.747 [info] Ant with pid #PID<0.220.0> is put on the position {14, 6}
18:48:52.747 [info] Ant with pid #PID<0.221.0> is put on the position {4, 10}
18:48:52.747 [info] Ant with pid #PID<0.222.0> is put on the position {2, 20}
18:48:52.747 [info] Ant with pid #PID<0.223.0> is put on the position {14, 13}
18:48:52.747 [info] Ant with pid #PID<0.224.0> is put on the position {5, 13}
18:48:52.747 [info] Ant with pid #PID<0.225.0> is put on the position {17, 2}
18:48:52.747 [info] Ant with pid #PID<0.226.0> is put on the position {7, 7}
18:48:52.747 [info] Ant with pid #PID<0.227.0> is put on the position {21, 9}
18:48:52.747 [info] Ant with pid #PID<0.228.0> is put on the position {11, 12}
18:48:52.748 [info] Ant with pid #PID<0.229.0> is put on the position {1, 15}
18:48:52.748 [info] Ant with pid #PID<0.230.0> is put on the position {15, 18}
18:48:52.748 [info] Ant with pid #PID<0.231.0> is put on the position {5, 20}
18:48:52.748 [info] Ant with pid #PID<0.232.0> is put on the position {9, 5}
18:48:52.748 [info] Ant with pid #PID<0.233.0> is put on the position {0, 2}
18:48:52.748 [info] Ant with pid #PID<0.234.0> is put on the position {14, 3}
18:48:52.748 [info] Ant with pid #PID<0.235.0> is put on the position {4, 4}
18:48:52.748 [info] Ant with pid #PID<0.236.0> is put on the position {1, 18}
18:48:52.749 [info] Ant with pid #PID<0.237.0> is put on the position {14, 5}
18:48:52.749 [info] Ant with pid #PID<0.238.0> is put on the position {5, 1}
18:48:52.749 [info] Ant with pid #PID<0.239.0> is put on the position {19, 2}
18:48:52.749 [info] Ant with pid #PID<0.240.0> is put on the position {10, 2}
18:48:52.749 [info] Ant with pid #PID<0.241.0> is put on the position {8, 9}
18:48:52.749 [info] Ant with pid #PID<0.242.0> is put on the position {21, 18}
18:48:52.749 [info] Ant with pid #PID<0.243.0> is put on the position {19, 23}
18:48:52.749 [info] Ant with pid #PID<0.244.0> is put on the position {9, 9}
18:48:52.750 [info] Ant with pid #PID<0.245.0> is put on the position {1, 17}
18:48:52.750 [info] Ant with pid #PID<0.246.0> is put on the position {17, 4}
18:48:52.750 [info] Ant with pid #PID<0.247.0> is put on the position {7, 0}
18:48:52.750 [info] Ant with pid #PID<0.248.0> is put on the position {22, 20}
18:48:52.750 [info] Ant with pid #PID<0.249.0> is put on the position {13, 17}
18:48:52.750 [info] Ant with pid #PID<0.250.0> is put on the position {4, 13}
18:48:52.750 [info] Ant with pid #PID<0.251.0> is put on the position {18, 10}
18:48:52.750 [info] Ant with pid #PID<0.252.0> is put on the position {9, 7}
18:48:52.750 [info] Ant with pid #PID<0.253.0> is put on the position {0, 3}
18:48:52.750 [info] Ant with pid #PID<0.254.0> is put on the position {15, 0}
18:48:52.751 [info] Ant with pid #PID<0.255.0> is put on the position {14, 17}
18:48:52.751 [info] Ant with pid #PID<0.256.0> is put on the position {4, 21}
18:48:52.790 [info] Ant with pid #PID<0.231.0> is moving to the position {6, 21}
18:48:52.970 [error] GenServer #PID<0.258.0> terminating
Last message: {:update_class, #PID<0.231.0>, 124}
State: #HashDict<[{#PID<0.109.0>, 2}, {#PID<0.119.0>, 12}, {#PID<0.249.0>, 142}, {#PID<0.193.0>, 86}, {#PID<0.202.0>, 95}, {#PID<0.221.0>, 114}, {#PID<0.209.0>, 102}, {#PID<0.141.0>, 34}, {#PID<0.192.0>, 85}, {#PID<0.218.0>, 111}, {#PID<0.170.0>, 63}, {#PID<0.204.0>, 97}, {#PID<0.201.0>, 94}, {#PID<0.152.0>, 45}, {#PID<0.191.0>, 84}, {#PID<0.228.0>, 121}, {#PID<0.178.0>, 71}, {#PID<0.217.0>, 110}, {#PID<0.223.0>, 116}, {#PID<0.106.0>, 0}, {#PID<0.149.0>, 42}, {#PID<0.216.0>, 109}, {#PID<0.214.0>, 107}, {#PID<0.174.0>, 67}, {#PID<0.162.0>, 55}, {#PID<0.182.0>, 75}, {#PID<0.140.0>, 33}, {#PID<0.110.0>, 3}, {#PID<0.225.0>, 118}, {#PID<0.238.0>, 131}, {#PID<0.113.0>, 6}, {#PID<0.198.0>, 91}, {#PID<0.199.0>, 92}, {#PID<0.211.0>, 104}, {#PID<0.129.0>, 22}, {#PID<0.136.0>, 29}, {#PID<0.107.0>, 1}, {#PID<0.116.0>, 9}, {#PID<0.231.0>, 124}, {#PID<0.208.0>, 101}, {#PID<0.169.0>, 62}, {#PID<0.219.0>, 112}, {#PID<0.230.0>, 123}, {#PID<0.235.0>, 128}, {#PID<0.242.0>, 135}, {#PID<0.161.0>, 54}, {#PID<0.255.0>, 148}, {#PID<0.195.0>, 88}, {#PID<0.114.0>, ...}, {...}, ...]>
** (exit) an exception was raised:
    ** (ErlangError) erlang error: :"function not exported"
        (elixir) IO.inpect(124)
        (A4C) lib/a4c/class_store.ex:17: A4C.ClassStore.handle_call/3
        (stdlib) gen_server.erl:580: :gen_server.handle_msg/5
        (stdlib) proc_lib.erl:237: :proc_lib.init_p_do_apply/3
18:48:52.974 [error] GenServer #PID<0.231.0> terminating
Last message: {:"$gen_cast", {:work, #PID<0.259.0>, 1, 1, 0.4483, 2, 0.9, #PID<0.105.0>, #PID<0.257.0>, #PID<0.258.0>}}
State: {#PID<0.231.0>, [0.6666666666666666, 0.5416666666666665, 0.7966101694915254, 0.8333333333333334]}
** (exit) exited in: GenServer.call(#PID<0.258.0>, {:update_class, #PID<0.231.0>, 124}, 5000)
    ** (EXIT) an exception was raised:
        ** (UndefinedFunctionError) undefined function: IO.inpect/1
            (elixir) IO.inpect(124)
            (A4C) lib/a4c/class_store.ex:17: A4C.ClassStore.handle_call/3
            (stdlib) gen_server.erl:580: :gen_server.handle_msg/5
            (stdlib) proc_lib.erl:237: :proc_lib.init_p_do_apply/3
18:48:52.975 [error] GenServer #PID<0.217.0> terminating
Last message: {:"$gen_cast", {:work, #PID<0.259.0>, 1, 1, 0.4483, 2, 0.9, #PID<0.105.0>, #PID<0.257.0>, #PID<0.258.0>}}
State: {#PID<0.217.0>, [0.611111111111111, 0.5, 0.6949152542372881, 0.7916666666666666]}
** (exit) exited in: GenServer.call(#PID<0.258.0>, {:get_class, #PID<0.217.0>}, 5000)
    ** (EXIT) no process
18:48:52.977 [error] GenServer #PID<0.137.0> terminating
Last message: {:"$gen_cast", {:work, #PID<0.259.0>, 1, 1, 0.4483, 2, 0.9, #PID<0.105.0>, #PID<0.257.0>, #PID<0.258.0>}}
State: {#PID<0.137.0>, [0.13888888888888887, 0.4583333333333333, 0.1016949152542373, 0.04166666666666667]}
** (exit) exited in: GenServer.call(#PID<0.258.0>, {:get_class, #PID<0.137.0>}, 5000)
    ** (EXIT) an exception was raised:
        ** (UndefinedFunctionError) undefined function: IO.inpect/1
            (elixir) IO.inpect(124)
            (A4C) lib/a4c/class_store.ex:17: A4C.ClassStore.handle_call/3
            (stdlib) gen_server.erl:580: :gen_server.handle_msg/5
            (stdlib) proc_lib.erl:237: :proc_lib.init_p_do_apply/3
18:48:52.979 [error] GenServer #PID<0.151.0> terminating
Last message: {:"$gen_cast", {:work, #PID<0.259.0>, 1, 1, 0.4483, 2, 0.9, #PID<0.105.0>, #PID<0.257.0>, #PID<0.258.0>}}
State: {#PID<0.151.0>, [0.22222222222222213, 0.7499999999999998, 0.15254237288135591, 0.12500000000000003]}
** (exit) exited in: GenServer.call(#PID<0.258.0>, {:get_class, #PID<0.151.0>}, 5000)
    ** (EXIT) an exception was raised:
        ** (UndefinedFunctionError) undefined function: IO.inpect/1
            (elixir) IO.inpect(124)
            (A4C) lib/a4c/class_store.ex:17: A4C.ClassStore.handle_call/3
            (stdlib) gen_server.erl:580: :gen_server.handle_msg/5
            (stdlib) proc_lib.erl:237: :proc_lib.init_p_do_apply/3
18:48:52.979 [error] GenServer #PID<0.214.0> terminating
Last message: {:"$gen_cast", {:work, #PID<0.259.0>, 1, 1, 0.4483, 2, 0.9, #PID<0.105.0>, #PID<0.257.0>, #PID<0.258.0>}}
State: {#PID<0.214.0>, [0.8333333333333333, 0.3749999999999999, 0.8983050847457626, 0.7083333333333334]}
** (exit) exited in: GenServer.call(#PID<0.258.0>, {:get_class, #PID<0.214.0>}, 5000)
    ** (EXIT) no process
18:48:52.980 [error] GenServer #PID<0.250.0> terminating
Last message: {:"$gen_cast", {:work, #PID<0.259.0>, 1, 1, 0.4483, 2, 0.9, #PID<0.105.0>, #PID<0.257.0>, #PID<0.258.0>}}
State: {#PID<0.250.0>, [0.6944444444444443, 0.5, 0.8305084745762712, 0.9166666666666666]}
** (exit) exited in: GenServer.call(#PID<0.258.0>, {:get_class, #PID<0.250.0>}, 5000)
    ** (EXIT) no process
18:48:52.981 [error] GenServer #PID<0.149.0> terminating
Last message: {:"$gen_cast", {:work, #PID<0.259.0>, 1, 1, 0.4483, 2, 0.9, #PID<0.105.0>, #PID<0.257.0>, #PID<0.258.0>}}
State: {#PID<0.149.0>, [0.027777777777777922, 0.5, 0.05084745762711865, 0.04166666666666667]}
** (exit) exited in: GenServer.call(#PID<0.258.0>, {:get_class, #PID<0.149.0>}, 5000)
    ** (EXIT) no process
18:48:52.982 [error] GenServer #PID<0.189.0> terminating
Last message: {:"$gen_cast", {:work, #PID<0.259.0>, 1, 1, 0.4483, 2, 0.9, #PID<0.105.0>, #PID<0.257.0>, #PID<0.258.0>}}
State: {#PID<0.189.0>, [0.41666666666666663, 0.2916666666666667, 0.4915254237288135, 0.4583333333333333]}
** (exit) exited in: GenServer.call(#PID<0.258.0>, {:get_class, #PID<0.189.0>}, 5000)
    ** (EXIT) no process
18:48:52.982 [error] GenServer #PID<0.159.0> terminating
Last message: {:"$gen_cast", {:work, #PID<0.259.0>, 1, 1, 0.4483, 2, 0.9, #PID<0.105.0>, #PID<0.257.0>, #PID<0.258.0>}}
State: {#PID<0.159.0>, [0.7222222222222222, 0.4583333333333333, 0.6610169491525424, 0.5833333333333334]}
** (exit) exited in: GenServer.call(#PID<0.258.0>, {:get_class, #PID<0.159.0>}, 5000)
    ** (EXIT) no process
18:48:52.983 [error] GenServer #PID<0.179.0> terminating
Last message: {:"$gen_cast", {:work, #PID<0.259.0>, 1, 1, 0.4483, 2, 0.9, #PID<0.105.0>, #PID<0.257.0>, #PID<0.258.0>}}
State: {#PID<0.179.0>, [0.5555555555555555, 0.20833333333333331, 0.6610169491525424, 0.5833333333333334]}
** (exit) exited in: GenServer.call(#PID<0.258.0>, {:get_class, #PID<0.179.0>}, 5000)
    ** (EXIT) no process
18:48:52.984 [error] GenServer #PID<0.212.0> terminating
Last message: {:"$gen_cast", {:work, #PID<0.259.0>, 1, 1, 0.4483, 2, 0.9, #PID<0.105.0>, #PID<0.257.0>, #PID<0.258.0>}}
State: {#PID<0.212.0>, [0.9166666666666665, 0.41666666666666663, 0.9491525423728813, 0.8333333333333334]}
** (exit) exited in: GenServer.call(#PID<0.258.0>, {:get_class, #PID<0.212.0>}, 5000)
    ** (EXIT) no process
18:48:52.984 [error] GenServer #PID<0.186.0> terminating
Last message: {:"$gen_cast", {:work, #PID<0.259.0>, 1, 1, 0.4483, 2, 0.9, #PID<0.105.0>, #PID<0.257.0>, #PID<0.258.0>}}
State: {#PID<0.186.0>, [0.38888888888888895, 0.25, 0.423728813559322, 0.375]}
** (exit) exited in: GenServer.call(#PID<0.258.0>, {:get_class, #PID<0.186.0>}, 5000)
    ** (EXIT) no process
18:48:52.985 [error] GenServer #PID<0.248.0> terminating
Last message: {:"$gen_cast", {:work, #PID<0.259.0>, 1, 1, 0.4483, 2, 0.9, #PID<0.105.0>, #PID<0.257.0>, #PID<0.258.0>}}
State: {#PID<0.248.0>, [0.7222222222222222, 0.4583333333333333, 0.6949152542372881, 0.9166666666666666]}
** (exit) exited in: GenServer.call(#PID<0.258.0>, {:get_class, #PID<0.248.0>}, 5000)
    ** (EXIT) no process
18:48:52.986 [info] Ant with pid #PID<0.128.0> is moving to the position {3, 20}
18:48:52.986 [error] GenServer #PID<0.256.0> terminating
Last message: {:"$gen_cast", {:work, #PID<0.259.0>, 1, 1, 0.4483, 2, 0.9, #PID<0.105.0>, #PID<0.257.0>, #PID<0.258.0>}}
State: {#PID<0.256.0>, [0.44444444444444453, 0.41666666666666663, 0.6949152542372881, 0.7083333333333334]}
** (exit) exited in: GenServer.call(#PID<0.258.0>, {:get_class, #PID<0.256.0>}, 5000)
    ** (EXIT) no process
18:48:52.987 [error] GenServer #PID<0.158.0> terminating
Last message: {:"$gen_cast", {:work, #PID<0.259.0>, 1, 1, 0.4483, 2, 0.9, #PID<0.105.0>, #PID<0.257.0>, #PID<0.258.0>}}
State: {#PID<0.158.0>, [0.5833333333333334, 0.5, 0.5932203389830508, 0.5833333333333334]}
** (exit) exited in: GenServer.call(#PID<0.258.0>, {:get_class, #PID<0.158.0>}, 5000)
    ** (EXIT) no process
18:48:52.987 [error] GenServer #PID<0.169.0> terminating
Last message: {:"$gen_cast", {:work, #PID<0.259.0>, 1, 1, 0.4483, 2, 0.9, #PID<0.105.0>, #PID<0.257.0>, #PID<0.258.0>}}
State: {#PID<0.169.0>, [0.4722222222222222, 0.0833333333333334, 0.5084745762711864, 0.375]}
** (exit) exited in: GenServer.call(#PID<0.258.0>, {:get_class, #PID<0.169.0>}, 5000)
    ** (EXIT) no process
18:48:52.987 [info] Ant with pid #PID<0.177.0> is moving to the position {5, 0}
18:48:52.988 [error] GenServer #PID<0.172.0> terminating
Last message: {:"$gen_cast", {:work, #PID<0.259.0>, 1, 1, 0.4483, 2, 0.9, #PID<0.105.0>, #PID<0.257.0>, #PID<0.258.0>}}
State: {#PID<0.172.0>, [0.6666666666666666, 0.4583333333333333, 0.576271186440678, 0.5416666666666666]}
** (exit) exited in: GenServer.call(#PID<0.258.0>, {:get_class, #PID<0.172.0>}, 5000)
    ** (EXIT) no process
18:48:52.988 [error] GenServer #PID<0.252.0> terminating
Last message: {:"$gen_cast", {:work, #PID<0.259.0>, 1, 1, 0.4483, 2, 0.9, #PID<0.105.0>, #PID<0.257.0>, #PID<0.258.0>}}
State: {#PID<0.252.0>, [0.6666666666666666, 0.41666666666666663, 0.711864406779661, 0.9166666666666666]}
** (exit) exited in: GenServer.call(#PID<0.258.0>, {:get_class, #PID<0.252.0>}, 5000)
    ** (EXIT) no process
18:48:52.989 [error] GenServer #PID<0.239.0> terminating
Last message: {:"$gen_cast", {:work, #PID<0.259.0>, 1, 1, 0.4483, 2, 0.9, #PID<0.105.0>, #PID<0.257.0>, #PID<0.258.0>}}
State: {#PID<0.239.0>, [0.5833333333333334, 0.3333333333333332, 0.7796610169491525, 0.8750000000000001]}
** (exit) exited in: GenServer.call(#PID<0.258.0>, {:get_class, #PID<0.239.0>}, 5000)
    ** (EXIT) no process
18:48:52.989 [error] GenServer #PID<0.223.0> terminating
Last message: {:"$gen_cast", {:work, #PID<0.259.0>, 1, 1, 0.4483, 2, 0.9, #PID<0.105.0>, #PID<0.257.0>, #PID<0.258.0>}}
State: {#PID<0.223.0>, [0.611111111111111, 0.41666666666666663, 0.7627118644067796, 0.7083333333333334]}
** (exit) exited in: GenServer.call(#PID<0.258.0>, {:get_class, #PID<0.223.0>}, 5000)
    ** (EXIT) no process
18:48:52.990 [error] GenServer #PID<0.201.0> terminating
Last message: {:"$gen_cast", {:work, #PID<0.259.0>, 1, 1, 0.4483, 2, 0.9, #PID<0.105.0>, #PID<0.257.0>, #PID<0.258.0>}}
State: {#PID<0.201.0>, [0.361111111111111, 0.2916666666666667, 0.5423728813559322, 0.5]}
** (exit) exited in: GenServer.call(#PID<0.258.0>, {:get_class, #PID<0.201.0>}, 5000)
    ** (EXIT) no process
18:48:52.991 [error] GenServer #PID<0.226.0> terminating
Last message: {:"$gen_cast", {:work, #PID<0.259.0>, 1, 1, 0.4483, 2, 0.9, #PID<0.105.0>, #PID<0.257.0>, #PID<0.258.0>}}
State: {#PID<0.226.0>, [0.4722222222222222, 0.0833333333333334, 0.6779661016949152, 0.5833333333333334]}
** (exit) exited in: GenServer.call(#PID<0.258.0>, {:get_class, #PID<0.226.0>}, 5000)
    ** (EXIT) no process
18:48:52.991 [error] GenServer #PID<0.139.0> terminating
Last message: {:"$gen_cast", {:work, #PID<0.259.0>, 1, 1, 0.4483, 2, 0.9, #PID<0.105.0>, #PID<0.257.0>, #PID<0.258.0>}}
State: {#PID<0.139.0>, [0.25000000000000006, 0.8749999999999998, 0.0847457627118644, 0.0]}
** (exit) exited in: GenServer.call(#PID<0.258.0>, {:get_class, #PID<0.139.0>}, 5000)
    ** (EXIT) no process
18:48:52.992 [error] GenServer #PID<0.251.0> terminating
Last message: {:"$gen_cast", {:work, #PID<0.259.0>, 1, 1, 0.4483, 2, 0.9, #PID<0.105.0>, #PID<0.257.0>, #PID<0.258.0>}}
State: {#PID<0.251.0>, [0.6666666666666666, 0.5416666666666665, 0.7966101694915254, 1.0]}
** (exit) exited in: GenServer.call(#PID<0.258.0>, {:get_class, #PID<0.251.0>}, 5000)
    ** (EXIT) no process
18:48:52.992 [error] GenServer #PID<0.161.0> terminating
Last message: {:"$gen_cast", {:work, #PID<0.259.0>, 1, 1, 0.4483, 2, 0.9, #PID<0.105.0>, #PID<0.257.0>, #PID<0.258.0>}}
State: {#PID<0.161.0>, [0.611111111111111, 0.3333333333333332, 0.6101694915254237, 0.5833333333333334]}
** (exit) exited in: GenServer.call(#PID<0.258.0>, {:get_class, #PID<0.161.0>}, 5000)
    ** (EXIT) no process
18:48:52.993 [error] GenServer #PID<0.197.0> terminating
Last message: {:"$gen_cast", {:work, #PID<0.259.0>, 1, 1, 0.4483, 2, 0.9, #PID<0.105.0>, #PID<0.257.0>, #PID<0.258.0>}}
State: {#PID<0.197.0>, [0.3333333333333333, 0.25, 0.576271186440678, 0.4583333333333333]}
** (exit) exited in: GenServer.call(#PID<0.258.0>, {:get_class, #PID<0.197.0>}, 5000)
    ** (EXIT) no process
18:48:52.993 [info] Ant with pid #PID<0.126.0> is moving to the position {4, 18}
18:48:52.994 [error] GenServer #PID<0.245.0> terminating
Last message: {:"$gen_cast", {:work, #PID<0.259.0>, 1, 1, 0.4483, 2, 0.9, #PID<0.105.0>, #PID<0.257.0>, #PID<0.258.0>}}
State: {#PID<0.245.0>, [0.4722222222222222, 0.41666666666666663, 0.6440677966101694, 0.7083333333333334]}
** (exit) exited in: GenServer.call(#PID<0.258.0>, {:get_class, #PID<0.245.0>}, 5000)
    ** (EXIT) no process
18:48:52.994 [info] Ant with pid #PID<0.247.0> is moving to the position {8, 23}
18:48:52.994 [error] GenServer #PID<0.244.0> terminating
Last message: {:"$gen_cast", {:work, #PID<0.259.0>, 1, 1, 0.4483, 2, 0.9, #PID<0.105.0>, #PID<0.257.0>, #PID<0.258.0>}}
State: {#PID<0.244.0>, [0.5833333333333334, 0.4583333333333333, 0.7627118644067796, 0.7083333333333334]}
** (exit) exited in: GenServer.call(#PID<0.258.0>, {:get_class, #PID<0.244.0>}, 5000)
    ** (EXIT) no process
18:48:52.994 [info] Ant with pid #PID<0.148.0> is moving to the position {6, 21}
18:48:52.995 [error] GenServer #PID<0.157.0> terminating
Last message: {:"$gen_cast", {:work, #PID<0.259.0>, 1, 1, 0.4483, 2, 0.9, #PID<0.105.0>, #PID<0.257.0>, #PID<0.258.0>}}
State: {#PID<0.157.0>, [0.7499999999999999, 0.5, 0.6271186440677966, 0.5416666666666666]}
** (exit) exited in: GenServer.call(#PID<0.258.0>, {:get_class, #PID<0.157.0>}, 5000)
    ** (EXIT) no process
18:48:52.995 [error] GenServer #PID<0.203.0> terminating
Last message: {:"$gen_cast", {:work, #PID<0.259.0>, 1, 1, 0.4483, 2, 0.9, #PID<0.105.0>, #PID<0.257.0>, #PID<0.258.0>}}
State: {#PID<0.203.0>, [0.38888888888888895, 0.3749999999999999, 0.5423728813559322, 0.5]}
** (exit) exited in: GenServer.call(#PID<0.258.0>, {:get_class, #PID<0.203.0>}, 5000)
    ** (EXIT) no process
18:48:52.996 [error] GenServer #PID<0.235.0> terminating
Last message: {:"$gen_cast", {:work, #PID<0.259.0>, 1, 1, 0.4483, 2, 0.9, #PID<0.105.0>, #PID<0.257.0>, #PID<0.258.0>}}
State: {#PID<0.235.0>, [0.5833333333333334, 0.3333333333333332, 0.7796610169491525, 0.8333333333333334]}
** (exit) exited in: GenServer.call(#PID<0.258.0>, {:get_class, #PID<0.235.0>}, 5000)
    ** (EXIT) no process
18:48:52.996 [error] GenServer #PID<0.236.0> terminating
Last message: {:"$gen_cast", {:work, #PID<0.259.0>, 1, 1, 0.4483, 2, 0.9, #PID<0.105.0>, #PID<0.257.0>, #PID<0.258.0>}}
State: {#PID<0.236.0>, [0.8055555555555556, 0.41666666666666663, 0.8135593220338982, 0.625]}
** (exit) exited in: GenServer.call(#PID<0.258.0>, {:get_class, #PID<0.236.0>}, 5000)
    ** (EXIT) no process
18:48:52.997 [error] GenServer #PID<0.181.0> terminating
Last message: {:"$gen_cast", {:work, #PID<0.259.0>, 1, 1, 0.4483, 2, 0.9, #PID<0.105.0>, #PID<0.257.0>, #PID<0.258.0>}}
State: {#PID<0.181.0>, [0.5833333333333334, 0.3749999999999999, 0.559322033898305, 0.5]}
** (exit) exited in: GenServer.call(#PID<0.258.0>, {:get_class, #PID<0.181.0>}, 5000)
    ** (EXIT) no process
18:48:52.997 [error] GenServer #PID<0.255.0> terminating
Last message: {:"$gen_cast", {:work, #PID<0.259.0>, 1, 1, 0.4483, 2, 0.9, #PID<0.105.0>, #PID<0.257.0>, #PID<0.258.0>}}
State: {#PID<0.255.0>, [0.5277777777777778, 0.5833333333333333, 0.7457627118644068, 0.9166666666666666]}
** (exit) exited in: GenServer.call(#PID<0.258.0>, {:get_class, #PID<0.255.0>}, 5000)
    ** (EXIT) no process
18:48:52.998 [error] GenServer #PID<0.237.0> terminating
Last message: {:"$gen_cast", {:work, #PID<0.259.0>, 1, 1, 0.4483, 2, 0.9, #PID<0.105.0>, #PID<0.257.0>, #PID<0.258.0>}}
State: {#PID<0.237.0>, [0.8611111111111112, 0.3333333333333332, 0.8644067796610169, 0.75]}
** (exit) exited in: GenServer.call(#PID<0.258.0>, {:get_class, #PID<0.237.0>}, 5000)
    ** (EXIT) no process
18:48:52.998 [info] Ant with pid #PID<0.154.0> is moving to the position {2, 12}
18:48:52.998 [info] Ant with pid #PID<0.190.0> is moving to the position {13, 18}
18:48:52.999 [error] GenServer #PID<0.193.0> terminating
Last message: {:"$gen_cast", {:work, #PID<0.259.0>, 1, 1, 0.4483, 2, 0.9, #PID<0.105.0>, #PID<0.257.0>, #PID<0.258.0>}}
State: {#PID<0.193.0>, [0.6666666666666666, 0.4583333333333333, 0.6271186440677966, 0.5833333333333334]}
** (exit) exited in: GenServer.call(#PID<0.258.0>, {:get_class, #PID<0.193.0>}, 5000)
    ** (EXIT) no process
18:48:52.999 [info] Ant with pid #PID<0.224.0> is moving to the position {4, 12}
18:48:52.999 [error] GenServer #PID<0.131.0> terminating
Last message: {:"$gen_cast", {:work, #PID<0.259.0>, 1, 1, 0.4483, 2, 0.9, #PID<0.105.0>, #PID<0.257.0>, #PID<0.258.0>}}
State: {#PID<0.131.0>, [0.13888888888888887, 0.5833333333333333, 0.15254237288135591, 0.04166666666666667]}
** (exit) exited in: GenServer.call(#PID<0.258.0>, {:get_class, #PID<0.131.0>}, 5000)
    ** (EXIT) no process
18:48:53.000 [error] GenServer #PID<0.121.0> terminating
Last message: {:"$gen_cast", {:work, #PID<0.259.0>, 1, 1, 0.4483, 2, 0.9, #PID<0.105.0>, #PID<0.257.0>, #PID<0.258.0>}}
State: {#PID<0.121.0>, [0.41666666666666663, 0.8333333333333333, 0.033898305084745756, 0.04166666666666667]}
** (exit) exited in: GenServer.call(#PID<0.258.0>, {:get_class, #PID<0.121.0>}, 5000)
    ** (EXIT) no process
18:48:53.001 [error] GenServer #PID<0.122.0> terminating
Last message: {:"$gen_cast", {:work, #PID<0.259.0>, 1, 1, 0.4483, 2, 0.9, #PID<0.105.0>, #PID<0.257.0>, #PID<0.258.0>}}
State: {#PID<0.122.0>, [0.38888888888888895, 1.0, 0.0847457627118644, 0.12500000000000003]}
** (exit) exited in: GenServer.call(#PID<0.258.0>, {:get_class, #PID<0.122.0>}, 5000)
    ** (EXIT) no process
18:48:53.001 [info] Ant with pid #PID<0.164.0> is moving to the position {18, 11}
18:48:53.001 [error] GenServer #PID<0.136.0> terminating
Last message: {:"$gen_cast", {:work, #PID<0.259.0>, 1, 1, 0.4483, 2, 0.9, #PID<0.105.0>, #PID<0.257.0>, #PID<0.258.0>}}
State: {#PID<0.136.0>, [0.11111111111111119, 0.5, 0.1016949152542373, 0.04166666666666667]}
** (exit) exited in: GenServer.call(#PID<0.258.0>, {:get_class, #PID<0.136.0>}, 5000)
    ** (EXIT) no process
18:48:53.001 [info] Ant with pid #PID<0.127.0> is moving to the position {16, 18}
18:48:53.002 [error] GenServer #PID<0.155.0> terminating
Last message: {:"$gen_cast", {:work, #PID<0.259.0>, 1, 1, 0.4483, 2, 0.9, #PID<0.105.0>, #PID<0.257.0>, #PID<0.258.0>}}
State: {#PID<0.155.0>, [0.27777777777777773, 0.7083333333333333, 0.0847457627118644, 0.04166666666666667]}
** (exit) exited in: GenServer.call(#PID<0.258.0>, {:get_class, #PID<0.155.0>}, 5000)
    ** (EXIT) no process
18:48:53.002 [error] GenServer #PID<0.175.0> terminating
Last message: {:"$gen_cast", {:work, #PID<0.259.0>, 1, 1, 0.4483, 2, 0.9, #PID<0.105.0>, #PID<0.257.0>, #PID<0.258.0>}}
State: {#PID<0.175.0>, [0.5277777777777778, 0.0833333333333334, 0.5932203389830508, 0.5833333333333334]}
** (exit) exited in: GenServer.call(#PID<0.258.0>, {:get_class, #PID<0.175.0>}, 5000)
    ** (EXIT) no process
18:48:53.003 [error] GenServer #PID<0.115.0> terminating
Last message: {:"$gen_cast", {:work, #PID<0.259.0>, 1, 1, 0.4483, 2, 0.9, #PID<0.105.0>, #PID<0.257.0>, #PID<0.258.0>}}
State: {#PID<0.115.0>, [0.027777777777777922, 0.3749999999999999, 0.06779661016949151, 0.04166666666666667]}
** (exit) exited in: GenServer.call(#PID<0.258.0>, {:get_class, #PID<0.115.0>}, 5000)
    ** (EXIT) no process
18:48:53.003 [info] Ant with pid #PID<0.119.0> is moving to the position {18, 9}
18:48:53.003 [info] Ant with pid #PID<0.187.0> is moving to the position {20, 4}
18:48:53.003 [info] Ant with pid #PID<0.200.0> is moving to the position {6, 2}
18:48:53.003 [info] Ant with pid #PID<0.208.0> is moving to the position {12, 13}
18:48:53.003 [error] GenServer #PID<0.218.0> terminating
Last message: {:"$gen_cast", {:work, #PID<0.259.0>, 1, 1, 0.4483, 2, 0.9, #PID<0.105.0>, #PID<0.257.0>, #PID<0.258.0>}}
State: {#PID<0.218.0>, [0.5833333333333334, 0.2916666666666667, 0.7288135593220338, 0.75]}
** (exit) exited in: GenServer.call(#PID<0.258.0>, {:get_class, #PID<0.218.0>}, 5000)
    ** (EXIT) no process
18:48:53.003 [info] Ant with pid #PID<0.184.0> is moving to the position {21, 14}
18:48:53.004 [info] Ant with pid #PID<0.182.0> is moving to the position {18, 23}
18:48:53.004 [info] Ant with pid #PID<0.195.0> is moving to the position {1, 0}
18:48:53.004 [info] Ant with pid #PID<0.156.0> is moving to the position {21, 3}
18:48:53.004 [error] GenServer #PID<0.150.0> terminating
Last message: {:"$gen_cast", {:work, #PID<0.259.0>, 1, 1, 0.4483, 2, 0.9, #PID<0.105.0>, #PID<0.257.0>, #PID<0.258.0>}}
State: {#PID<0.150.0>, [0.19444444444444448, 0.6249999999999999, 0.1016949152542373, 0.20833333333333334]}
** (exit) exited in: GenServer.call(#PID<0.258.0>, {:get_class, #PID<0.150.0>}, 5000)
    ** (EXIT) no process
18:48:53.004 [info] Ant with pid #PID<0.109.0> is moving to the position {3, 4}
18:48:53.004 [error] GenServer #PID<0.196.0> terminating
Last message: {:"$gen_cast", {:work, #PID<0.259.0>, 1, 1, 0.4483, 2, 0.9, #PID<0.105.0>, #PID<0.257.0>, #PID<0.258.0>}}
State: {#PID<0.196.0>, [0.3333333333333333, 0.20833333333333331, 0.5084745762711864, 0.5]}
** (exit) exited in: GenServer.call(#PID<0.258.0>, {:get_class, #PID<0.196.0>}, 5000)
    ** (EXIT) no process
18:48:53.005 [info] Ant with pid #PID<0.165.0> is moving to the position {8, 19}
18:48:53.005 [info] Ant with pid #PID<0.216.0> is moving to the position {6, 13}
18:48:53.005 [info] Ant with pid #PID<0.162.0> is moving to the position {14, 9}
18:48:53.005 [info] Ant with pid #PID<0.219.0> is moving to the position {23, 3}
18:48:53.005 [info] Ant with pid #PID<0.227.0> is moving to the position {20, 8}
18:48:53.005 [info] Ant with pid #PID<0.194.0> is moving to the position {12, 8}
18:48:53.005 [error] GenServer #PID<0.112.0> terminating
Last message: {:"$gen_cast", {:work, #PID<0.259.0>, 1, 1, 0.4483, 2, 0.9, #PID<0.105.0>, #PID<0.257.0>, #PID<0.258.0>}}
State: {#PID<0.112.0>, [0.30555555555555564, 0.7916666666666665, 0.11864406779661016, 0.12500000000000003]}
** (exit) exited in: GenServer.call(#PID<0.258.0>, {:get_class, #PID<0.112.0>}, 5000)
    ** (EXIT) no process
18:48:53.006 [error] GenServer #PID<0.114.0> terminating
Last message: {:"$gen_cast", {:work, #PID<0.259.0>, 1, 1, 0.4483, 2, 0.9, #PID<0.105.0>, #PID<0.257.0>, #PID<0.258.0>}}
State: {#PID<0.114.0>, [0.19444444444444448, 0.5833333333333333, 0.0847457627118644, 0.04166666666666667]}
** (exit) exited in: GenServer.call(#PID<0.258.0>, {:get_class, #PID<0.114.0>}, 5000)
    ** (EXIT) no process
18:48:53.006 [error] GenServer #PID<0.107.0> terminating
Last message: {:"$gen_cast", {:work, #PID<0.259.0>, 1, 1, 0.4483, 2, 0.9, #PID<0.105.0>, #PID<0.257.0>, #PID<0.258.0>}}
State: {#PID<0.107.0>, [0.1666666666666668, 0.41666666666666663, 0.06779661016949151, 0.04166666666666667]}
** (exit) exited in: GenServer.call(#PID<0.258.0>, {:get_class, #PID<0.107.0>}, 5000)
    ** (EXIT) no process
18:48:53.006 [error] GenServer #PID<0.147.0> terminating
Last message: {:"$gen_cast", {:work, #PID<0.259.0>, 1, 1, 0.4483, 2, 0.9, #PID<0.105.0>, #PID<0.257.0>, #PID<0.258.0>}}
State: {#PID<0.147.0>, [0.19444444444444448, 0.6249999999999999, 0.05084745762711865, 0.08333333333333333]}
** (exit) exited in: GenServer.call(#PID<0.258.0>, {:get_class, #PID<0.147.0>}, 5000)
    ** (EXIT) no process
18:48:53.007 [error] GenServer #PID<0.163.0> terminating
Last message: {:"$gen_cast", {:work, #PID<0.259.0>, 1, 1, 0.4483, 2, 0.9, #PID<0.105.0>, #PID<0.257.0>, #PID<0.258.0>}}
State: {#PID<0.163.0>, [0.5555555555555555, 0.5416666666666665, 0.6271186440677966, 0.625]}
** (exit) exited in: GenServer.call(#PID<0.258.0>, {:get_class, #PID<0.163.0>}, 5000)
    ** (EXIT) no process
18:48:53.007 [error] GenServer #PID<0.110.0> terminating
Last message: {:"$gen_cast", {:work, #PID<0.259.0>, 1, 1, 0.4483, 2, 0.9, #PID<0.105.0>, #PID<0.257.0>, #PID<0.258.0>}}
State: {#PID<0.110.0>, [0.08333333333333327, 0.4583333333333333, 0.0847457627118644, 0.04166666666666667]}
** (exit) exited in: GenServer.call(#PID<0.258.0>, {:get_class, #PID<0.110.0>}, 5000)
    ** (EXIT) no process
18:48:53.007 [error] GenServer #PID<0.171.0> terminating
Last message: {:"$gen_cast", {:work, #PID<0.259.0>, 1, 1, 0.4483, 2, 0.9, #PID<0.105.0>, #PID<0.257.0>, #PID<0.258.0>}}
State: {#PID<0.171.0>, [0.361111111111111, 0.3749999999999999, 0.4406779661016949, 0.5]}
** (exit) exited in: GenServer.call(#PID<0.258.0>, {:get_class, #PID<0.171.0>}, 5000)
    ** (EXIT) no process
18:48:53.008 [error] GenServer #PID<0.228.0> terminating
Last message: {:"$gen_cast", {:work, #PID<0.259.0>, 1, 1, 0.4483, 2, 0.9, #PID<0.105.0>, #PID<0.257.0>, #PID<0.258.0>}}
State: {#PID<0.228.0>, [0.361111111111111, 0.3333333333333332, 0.6610169491525424, 0.7916666666666666]}
** (exit) exited in: GenServer.call(#PID<0.258.0>, {:get_class, #PID<0.228.0>}, 5000)
    ** (EXIT) no process
18:48:53.008 [error] GenServer #PID<0.249.0> terminating
Last message: {:"$gen_cast", {:work, #PID<0.259.0>, 1, 1, 0.4483, 2, 0.9, #PID<0.105.0>, #PID<0.257.0>, #PID<0.258.0>}}
State: {#PID<0.249.0>, [0.41666666666666663, 0.2916666666666667, 0.6949152542372881, 0.75]}
** (exit) exited in: GenServer.call(#PID<0.258.0>, {:get_class, #PID<0.249.0>}, 5000)
    ** (EXIT) no process
18:48:53.009 [error] GenServer #PID<0.238.0> terminating
Last message: {:"$gen_cast", {:work, #PID<0.259.0>, 1, 1, 0.4483, 2, 0.9, #PID<0.105.0>, #PID<0.257.0>, #PID<0.258.0>}}
State: {#PID<0.238.0>, [1.0, 0.7499999999999998, 0.9152542372881356, 0.7916666666666666]}
** (exit) exited in: GenServer.call(#PID<0.258.0>, {:get_class, #PID<0.238.0>}, 5000)
    ** (EXIT) no process
18:48:53.009 [error] GenServer #PID<0.253.0> terminating
Last message: {:"$gen_cast", {:work, #PID<0.259.0>, 1, 1, 0.4483, 2, 0.9, #PID<0.105.0>, #PID<0.257.0>, #PID<0.258.0>}}
State: {#PID<0.253.0>, [0.5555555555555555, 0.20833333333333331, 0.6779661016949152, 0.75]}
** (exit) exited in: GenServer.call(#PID<0.258.0>, {:get_class, #PID<0.253.0>}, 5000)
    ** (EXIT) no process
18:48:53.009 [error] GenServer #PID<0.229.0> terminating
Last message: {:"$gen_cast", {:work, #PID<0.259.0>, 1, 1, 0.4483, 2, 0.9, #PID<0.105.0>, #PID<0.257.0>, #PID<0.258.0>}}
State: {#PID<0.229.0>, [0.9444444444444444, 0.3333333333333332, 0.9661016949152542, 0.7916666666666666]}
** (exit) exited in: GenServer.call(#PID<0.258.0>, {:get_class, #PID<0.229.0>}, 5000)
    ** (EXIT) no process
18:48:53.009 [error] GenServer #PID<0.128.0> terminating
Last message: {:"$gen_cast", {:work, #PID<0.259.0>, 1, 1, 0.4483, 2, 0.9, #PID<0.105.0>, #PID<0.257.0>, #PID<0.258.0>}}
State: {#PID<0.128.0>, [0.22222222222222213, 0.7083333333333333, 0.0847457627118644, 0.12500000000000003]}
** (exit) exited in: GenServer.call(#PID<0.258.0>, {:update_class, #PID<0.128.0>, 21}, 5000)
    ** (EXIT) no process
18:48:53.010 [error] GenServer #PID<0.243.0> terminating
Last message: {:"$gen_cast", {:work, #PID<0.259.0>, 1, 1, 0.4483, 2, 0.9, #PID<0.105.0>, #PID<0.257.0>, #PID<0.258.0>}}
State: {#PID<0.243.0>, [0.5555555555555555, 0.5833333333333333, 0.7796610169491525, 0.9583333333333333]}
** (exit) exited in: GenServer.call(#PID<0.258.0>, {:get_class, #PID<0.243.0>}, 5000)
    ** (EXIT) no process
18:48:53.010 [error] GenServer #PID<0.230.0> terminating
Last message: {:"$gen_cast", {:work, #PID<0.259.0>, 1, 1, 0.4483, 2, 0.9, #PID<0.105.0>, #PID<0.257.0>, #PID<0.258.0>}}
State: {#PID<0.230.0>, [0.5555555555555555, 0.2916666666666667, 0.6610169491525424, 0.7083333333333334]}
** (exit) exited in: GenServer.call(#PID<0.258.0>, {:get_class, #PID<0.230.0>}, 5000)
    ** (EXIT) no process
18:48:53.011 [error] GenServer #PID<0.233.0> terminating
Last message: {:"$gen_cast", {:work, #PID<0.259.0>, 1, 1, 0.4483, 2, 0.9, #PID<0.105.0>, #PID<0.257.0>, #PID<0.258.0>}}
State: {#PID<0.233.0>, [0.5277777777777778, 0.3333333333333332, 0.6440677966101694, 0.7083333333333334]}
** (exit) exited in: GenServer.call(#PID<0.258.0>, {:get_class, #PID<0.233.0>}, 5000)
    ** (EXIT) no process
18:48:53.011 [error] GenServer #PID<0.210.0> terminating
Last message: {:"$gen_cast", {:work, #PID<0.259.0>, 1, 1, 0.4483, 2, 0.9, #PID<0.105.0>, #PID<0.257.0>, #PID<0.258.0>}}
State: {#PID<0.210.0>, [0.5555555555555555, 0.3749999999999999, 0.7796610169491525, 0.7083333333333334]}
** (exit) exited in: GenServer.call(#PID<0.258.0>, {:get_class, #PID<0.210.0>}, 5000)
    ** (EXIT) no process
18:48:53.011 [error] GenServer #PID<0.135.0> terminating
Last message: {:"$gen_cast", {:work, #PID<0.259.0>, 1, 1, 0.4483, 2, 0.9, #PID<0.105.0>, #PID<0.257.0>, #PID<0.258.0>}}
State: {#PID<0.135.0>, [0.25000000000000006, 0.5833333333333333, 0.06779661016949151, 0.04166666666666667]}
** (exit) exited in: GenServer.call(#PID<0.258.0>, {:get_class, #PID<0.135.0>}, 5000)
    ** (EXIT) no process
18:48:53.012 [error] GenServer #PID<0.254.0> terminating
Last message: {:"$gen_cast", {:work, #PID<0.259.0>, 1, 1, 0.4483, 2, 0.9, #PID<0.105.0>, #PID<0.257.0>, #PID<0.258.0>}}
State: {#PID<0.254.0>, [0.611111111111111, 0.41666666666666663, 0.711864406779661, 0.7916666666666666]}
** (exit) exited in: GenServer.call(#PID<0.258.0>, {:get_class, #PID<0.254.0>}, 5000)
    ** (EXIT) no process
18:48:53.012 [error] GenServer #PID<0.221.0> terminating
Last message: {:"$gen_cast", {:work, #PID<0.259.0>, 1, 1, 0.4483, 2, 0.9, #PID<0.105.0>, #PID<0.257.0>, #PID<0.258.0>}}
State: {#PID<0.221.0>, [0.41666666666666663, 0.3333333333333332, 0.6949152542372881, 0.9583333333333333]}
** (exit) exited in: GenServer.call(#PID<0.258.0>, {:get_class, #PID<0.221.0>}, 5000)
    ** (EXIT) no process
18:48:53.012 [error] GenServer #PID<0.185.0> terminating
Last message: {:"$gen_cast", {:work, #PID<0.259.0>, 1, 1, 0.4483, 2, 0.9, #PID<0.105.0>, #PID<0.257.0>, #PID<0.258.0>}}
State: {#PID<0.185.0>, [0.4722222222222222, 0.3749999999999999, 0.5932203389830508, 0.5833333333333334]}
** (exit) exited in: GenServer.call(#PID<0.258.0>, {:get_class, #PID<0.185.0>}, 5000)
    ** (EXIT) no process
18:48:53.013 [error] GenServer #PID<0.132.0> terminating
Last message: {:"$gen_cast", {:work, #PID<0.259.0>, 1, 1, 0.4483, 2, 0.9, #PID<0.105.0>, #PID<0.257.0>, #PID<0.258.0>}}
State: {#PID<0.132.0>, [0.19444444444444448, 0.41666666666666663, 0.1016949152542373, 0.04166666666666667]}
** (exit) exited in: GenServer.call(#PID<0.258.0>, {:get_class, #PID<0.132.0>}, 5000)
    ** (EXIT) no process
18:48:53.013 [error] GenServer #PID<0.206.0> terminating
Last message: {:"$gen_cast", {:work, #PID<0.259.0>, 1, 1, 0.4483, 2, 0.9, #PID<0.105.0>, #PID<0.257.0>, #PID<0.258.0>}}
State: {#PID<0.206.0>, [0.38888888888888895, 0.3333333333333332, 0.5254237288135593, 0.5]}
** (exit) exited in: GenServer.call(#PID<0.258.0>, {:get_class, #PID<0.206.0>}, 5000)
    ** (EXIT) no process
18:48:53.013 [error] GenServer #PID<0.211.0> terminating
Last message: {:"$gen_cast", {:work, #PID<0.259.0>, 1, 1, 0.4483, 2, 0.9, #PID<0.105.0>, #PID<0.257.0>, #PID<0.258.0>}}
State: {#PID<0.211.0>, [0.611111111111111, 0.41666666666666663, 0.8135593220338982, 0.8750000000000001]}
** (exit) exited in: GenServer.call(#PID<0.258.0>, {:get_class, #PID<0.211.0>}, 5000)
    ** (EXIT) no process
18:48:53.014 [error] GenServer #PID<0.202.0> terminating
Last message: {:"$gen_cast", {:work, #PID<0.259.0>, 1, 1, 0.4483, 2, 0.9, #PID<0.105.0>, #PID<0.257.0>, #PID<0.258.0>}}
State: {#PID<0.202.0>, [0.38888888888888895, 0.41666666666666663, 0.5423728813559322, 0.4583333333333333]}
** (exit) exited in: GenServer.call(#PID<0.258.0>, {:get_class, #PID<0.202.0>}, 5000)
    ** (EXIT) no process
18:48:53.014 [error] GenServer #PID<0.242.0> terminating
Last message: {:"$gen_cast", {:work, #PID<0.259.0>, 1, 1, 0.4483, 2, 0.9, #PID<0.105.0>, #PID<0.257.0>, #PID<0.258.0>}}
State: {#PID<0.242.0>, [0.9444444444444444, 0.41666666666666663, 0.8644067796610169, 0.9166666666666666]}
** (exit) exited in: GenServer.call(#PID<0.258.0>, {:get_class, #PID<0.242.0>}, 5000)
    ** (EXIT) no process
18:48:53.014 [error] GenServer #PID<0.144.0> terminating
Last message: {:"$gen_cast", {:work, #PID<0.259.0>, 1, 1, 0.4483, 2, 0.9, #PID<0.105.0>, #PID<0.257.0>, #PID<0.258.0>}}
State: {#PID<0.144.0>, [0.1666666666666668, 0.6666666666666666, 0.06779661016949151, 0.0]}
** (exit) exited in: GenServer.call(#PID<0.258.0>, {:get_class, #PID<0.144.0>}, 5000)
    ** (EXIT) no process
18:48:53.015 [error] GenServer #PID<0.120.0> terminating
Last message: {:"$gen_cast", {:work, #PID<0.259.0>, 1, 1, 0.4483, 2, 0.9, #PID<0.105.0>, #PID<0.257.0>, #PID<0.258.0>}}
State: {#PID<0.120.0>, [0.0, 0.41666666666666663, 0.016949152542372895, 0.0]}
** (exit) exited in: GenServer.call(#PID<0.258.0>, {:get_class, #PID<0.120.0>}, 5000)
    ** (EXIT) no process
18:48:53.015 [error] GenServer #PID<0.198.0> terminating
Last message: {:"$gen_cast", {:work, #PID<0.259.0>, 1, 1, 0.4483, 2, 0.9, #PID<0.105.0>, #PID<0.257.0>, #PID<0.258.0>}}
State: {#PID<0.198.0>, [0.4999999999999999, 0.41666666666666663, 0.6101694915254237, 0.5416666666666666]}
** (exit) exited in: GenServer.call(#PID<0.258.0>, {:get_class, #PID<0.198.0>}, 5000)
    ** (EXIT) no process
18:48:53.015 [error] GenServer #PID<0.215.0> terminating
Last message: {:"$gen_cast", {:work, #PID<0.259.0>, 1, 1, 0.4483, 2, 0.9, #PID<0.105.0>, #PID<0.257.0>, #PID<0.258.0>}}
State: {#PID<0.215.0>, [0.6666666666666666, 0.20833333333333331, 0.8135593220338982, 0.7083333333333334]}
** (exit) exited in: GenServer.call(#PID<0.258.0>, {:get_class, #PID<0.215.0>}, 5000)
    ** (EXIT) no process
18:48:53.016 [error] GenServer #PID<0.106.0> terminating
Last message: {:"$gen_cast", {:work, #PID<0.259.0>, 1, 1, 0.4483, 2, 0.9, #PID<0.105.0>, #PID<0.257.0>, #PID<0.258.0>}}
State: {#PID<0.106.0>, [0.22222222222222213, 0.6249999999999999, 0.06779661016949151, 0.04166666666666667]}
** (exit) exited in: GenServer.call(#PID<0.258.0>, {:get_class, #PID<0.106.0>}, 5000)
    ** (EXIT) no process
18:48:53.016 [error] GenServer #PID<0.199.0> terminating
Last message: {:"$gen_cast", {:work, #PID<0.259.0>, 1, 1, 0.4483, 2, 0.9, #PID<0.105.0>, #PID<0.257.0>, #PID<0.258.0>}}
State: {#PID<0.199.0>, [0.41666666666666663, 0.25, 0.5084745762711864, 0.4583333333333333]}
** (exit) exited in: GenServer.call(#PID<0.258.0>, {:get_class, #PID<0.199.0>}, 5000)
    ** (EXIT) no process
18:48:53.016 [error] GenServer #PID<0.188.0> terminating
Last message: {:"$gen_cast", {:work, #PID<0.259.0>, 1, 1, 0.4483, 2, 0.9, #PID<0.105.0>, #PID<0.257.0>, #PID<0.258.0>}}
State: {#PID<0.188.0>, [0.3333333333333333, 0.1666666666666666, 0.4576271186440678, 0.375]}
** (exit) exited in: GenServer.call(#PID<0.258.0>, {:get_class, #PID<0.188.0>}, 5000)
    ** (EXIT) no process
18:48:53.016 [error] GenServer #PID<0.204.0> terminating
Last message: {:"$gen_cast", {:work, #PID<0.259.0>, 1, 1, 0.4483, 2, 0.9, #PID<0.105.0>, #PID<0.257.0>, #PID<0.258.0>}}
State: {#PID<0.204.0>, [0.5277777777777778, 0.3749999999999999, 0.559322033898305, 0.5]}
** (exit) exited in: GenServer.call(#PID<0.258.0>, {:get_class, #PID<0.204.0>}, 5000)
    ** (EXIT) no process
18:48:53.017 [error] GenServer #PID<0.153.0> terminating
Last message: {:"$gen_cast", {:work, #PID<0.259.0>, 1, 1, 0.4483, 2, 0.9, #PID<0.105.0>, #PID<0.257.0>, #PID<0.258.0>}}
State: {#PID<0.153.0>, [0.22222222222222213, 0.7499999999999998, 0.1016949152542373, 0.04166666666666667]}
** (exit) exited in: GenServer.call(#PID<0.258.0>, {:get_class, #PID<0.153.0>}, 5000)
    ** (EXIT) no process
18:48:53.017 [error] GenServer #PID<0.220.0> terminating
Last message: {:"$gen_cast", {:work, #PID<0.259.0>, 1, 1, 0.4483, 2, 0.9, #PID<0.105.0>, #PID<0.257.0>, #PID<0.258.0>}}
State: {#PID<0.220.0>, [0.38888888888888895, 0.20833333333333331, 0.6779661016949152, 0.7916666666666666]}
** (exit) exited in: GenServer.call(#PID<0.258.0>, {:get_class, #PID<0.220.0>}, 5000)
    ** (EXIT) no process
18:48:53.017 [error] GenServer #PID<0.173.0> terminating
Last message: {:"$gen_cast", {:work, #PID<0.259.0>, 1, 1, 0.4483, 2, 0.9, #PID<0.105.0>, #PID<0.257.0>, #PID<0.258.0>}}
State: {#PID<0.173.0>, [0.361111111111111, 0.41666666666666663, 0.5932203389830508, 0.5833333333333334]}
** (exit) exited in: GenServer.call(#PID<0.258.0>, {:get_class, #PID<0.173.0>}, 5000)
    ** (EXIT) no process
18:48:53.018 [error] GenServer #PID<0.177.0> terminating
Last message: {:"$gen_cast", {:work, #PID<0.259.0>, 1, 1, 0.4483, 2, 0.9, #PID<0.105.0>, #PID<0.257.0>, #PID<0.258.0>}}
State: {#PID<0.177.0>, [0.44444444444444453, 0.5, 0.6440677966101694, 0.7083333333333334]}
** (exit) exited in: GenServer.call(#PID<0.258.0>, {:update_class, #PID<0.177.0>, 70}, 5000)
    ** (EXIT) no process
18:48:53.018 [error] GenServer #PID<0.192.0> terminating
Last message: {:"$gen_cast", {:work, #PID<0.259.0>, 1, 1, 0.4483, 2, 0.9, #PID<0.105.0>, #PID<0.257.0>, #PID<0.258.0>}}
State: {#PID<0.192.0>, [0.4722222222222222, 0.5833333333333333, 0.5932203389830508, 0.625]}
** (exit) exited in: GenServer.call(#PID<0.258.0>, {:get_class, #PID<0.192.0>}, 5000)
    ** (EXIT) no process
18:48:53.018 [error] GenServer #PID<0.113.0> terminating
Last message: {:"$gen_cast", {:work, #PID<0.259.0>, 1, 1, 0.4483, 2, 0.9, #PID<0.105.0>, #PID<0.257.0>, #PID<0.258.0>}}
State: {#PID<0.113.0>, [0.08333333333333327, 0.5833333333333333, 0.06779661016949151, 0.08333333333333333]}
** (exit) exited in: GenServer.call(#PID<0.258.0>, {:get_class, #PID<0.113.0>}, 5000)
    ** (EXIT) no process
18:48:53.019 [error] GenServer #PID<0.143.0> terminating
Last message: {:"$gen_cast", {:work, #PID<0.259.0>, 1, 1, 0.4483, 2, 0.9, #PID<0.105.0>, #PID<0.257.0>, #PID<0.258.0>}}
State: {#PID<0.143.0>, [0.3333333333333333, 0.6249999999999999, 0.05084745762711865, 0.04166666666666667]}
** (exit) exited in: GenServer.call(#PID<0.258.0>, {:get_class, #PID<0.143.0>}, 5000)
    ** (EXIT) no process
18:48:53.019 [error] GenServer #PID<0.133.0> terminating
Last message: {:"$gen_cast", {:work, #PID<0.259.0>, 1, 1, 0.4483, 2, 0.9, #PID<0.105.0>, #PID<0.257.0>, #PID<0.258.0>}}
State: {#PID<0.133.0>, [0.19444444444444448, 0.5833333333333333, 0.1016949152542373, 0.12500000000000003]}
** (exit) exited in: GenServer.call(#PID<0.258.0>, {:get_class, #PID<0.133.0>}, 5000)
    ** (EXIT) no process
18:48:53.019 [error] GenServer #PID<0.183.0> terminating
Last message: {:"$gen_cast", {:work, #PID<0.259.0>, 1, 1, 0.4483, 2, 0.9, #PID<0.105.0>, #PID<0.257.0>, #PID<0.258.0>}}
State: {#PID<0.183.0>, [0.6944444444444443, 0.3333333333333332, 0.6440677966101694, 0.5416666666666666]}
** (exit) exited in: GenServer.call(#PID<0.258.0>, {:get_class, #PID<0.183.0>}, 5000)
    ** (EXIT) no process
18:48:53.020 [error] GenServer #PID<0.125.0> terminating
Last message: {:"$gen_cast", {:work, #PID<0.259.0>, 1, 1, 0.4483, 2, 0.9, #PID<0.105.0>, #PID<0.257.0>, #PID<0.258.0>}}
State: {#PID<0.125.0>, [0.38888888888888895, 0.7499999999999998, 0.11864406779661016, 0.08333333333333333]}
** (exit) exited in: GenServer.call(#PID<0.258.0>, {:get_class, #PID<0.125.0>}, 5000)
    ** (EXIT) no process
18:48:53.020 [error] GenServer #PID<0.205.0> terminating
Last message: {:"$gen_cast", {:work, #PID<0.259.0>, 1, 1, 0.4483, 2, 0.9, #PID<0.105.0>, #PID<0.257.0>, #PID<0.258.0>}}
State: {#PID<0.205.0>, [0.22222222222222213, 0.20833333333333331, 0.3389830508474576, 0.4166666666666667]}
** (exit) exited in: GenServer.call(#PID<0.258.0>, {:get_class, #PID<0.205.0>}, 5000)
    ** (EXIT) no process
18:48:53.020 [error] GenServer #PID<0.124.0> terminating
Last message: {:"$gen_cast", {:work, #PID<0.259.0>, 1, 1, 0.4483, 2, 0.9, #PID<0.105.0>, #PID<0.257.0>, #PID<0.258.0>}}
State: {#PID<0.124.0>, [0.22222222222222213, 0.6249999999999999, 0.06779661016949151, 0.08333333333333333]}
** (exit) exited in: GenServer.call(#PID<0.258.0>, {:get_class, #PID<0.124.0>}, 5000)
    ** (EXIT) no process
18:48:53.021 [error] GenServer #PID<0.118.0> terminating
Last message: {:"$gen_cast", {:work, #PID<0.259.0>, 1, 1, 0.4483, 2, 0.9, #PID<0.105.0>, #PID<0.257.0>, #PID<0.258.0>}}
State: {#PID<0.118.0>, [0.13888888888888887, 0.5833333333333333, 0.1016949152542373, 0.04166666666666667]}
** (exit) exited in: GenServer.call(#PID<0.258.0>, {:get_class, #PID<0.118.0>}, 5000)
    ** (EXIT) no process
18:48:53.021 [error] GenServer #PID<0.126.0> terminating
Last message: {:"$gen_cast", {:work, #PID<0.259.0>, 1, 1, 0.4483, 2, 0.9, #PID<0.105.0>, #PID<0.257.0>, #PID<0.258.0>}}
State: {#PID<0.126.0>, [0.22222222222222213, 0.7499999999999998, 0.0847457627118644, 0.08333333333333333]}
** (exit) exited in: GenServer.call(#PID<0.258.0>, {:update_class, #PID<0.126.0>, 19}, 5000)
    ** (EXIT) no process
18:48:53.021 [error] GenServer #PID<0.234.0> terminating
Last message: {:"$gen_cast", {:work, #PID<0.259.0>, 1, 1, 0.4483, 2, 0.9, #PID<0.105.0>, #PID<0.257.0>, #PID<0.258.0>}}
State: {#PID<0.234.0>, [0.4999999999999999, 0.41666666666666663, 0.6610169491525424, 0.7083333333333334]}
** (exit) exited in: GenServer.call(#PID<0.258.0>, {:get_class, #PID<0.234.0>}, 5000)
    ** (EXIT) no process
18:48:53.021 [error] GenServer #PID<0.176.0> terminating
Last message: {:"$gen_cast", {:work, #PID<0.259.0>, 1, 1, 0.4483, 2, 0.9, #PID<0.105.0>, #PID<0.257.0>, #PID<0.258.0>}}
State: {#PID<0.176.0>, [0.361111111111111, 0.20833333333333331, 0.4915254237288135, 0.4166666666666667]}
** (exit) exited in: GenServer.call(#PID<0.258.0>, {:get_class, #PID<0.176.0>}, 5000)
    ** (EXIT) no process
18:48:53.022 [error] GenServer #PID<0.117.0> terminating
Last message: {:"$gen_cast", {:work, #PID<0.259.0>, 1, 1, 0.4483, 2, 0.9, #PID<0.105.0>, #PID<0.257.0>, #PID<0.258.0>}}
State: {#PID<0.117.0>, [0.30555555555555564, 0.7083333333333333, 0.0847457627118644, 0.04166666666666667]}
** (exit) exited in: GenServer.call(#PID<0.258.0>, {:get_class, #PID<0.117.0>}, 5000)
    ** (EXIT) no process
18:48:53.022 [error] GenServer #PID<0.191.0> terminating
Last message: {:"$gen_cast", {:work, #PID<0.259.0>, 1, 1, 0.4483, 2, 0.9, #PID<0.105.0>, #PID<0.257.0>, #PID<0.258.0>}}
State: {#PID<0.191.0>, [0.30555555555555564, 0.41666666666666663, 0.5932203389830508, 0.5833333333333334]}
** (exit) exited in: GenServer.call(#PID<0.258.0>, {:get_class, #PID<0.191.0>}, 5000)
    ** (EXIT) no process
18:48:53.022 [error] GenServer #PID<0.225.0> terminating
Last message: {:"$gen_cast", {:work, #PID<0.259.0>, 1, 1, 0.4483, 2, 0.9, #PID<0.105.0>, #PID<0.257.0>, #PID<0.258.0>}}
State: {#PID<0.225.0>, [0.9444444444444444, 0.25, 1.0, 0.9166666666666666]}
** (exit) exited in: GenServer.call(#PID<0.258.0>, {:get_class, #PID<0.225.0>}, 5000)
    ** (EXIT) no process
18:48:53.023 [error] GenServer #PID<0.174.0> terminating
Last message: {:"$gen_cast", {:work, #PID<0.259.0>, 1, 1, 0.4483, 2, 0.9, #PID<0.105.0>, #PID<0.257.0>, #PID<0.258.0>}}
State: {#PID<0.174.0>, [0.41666666666666663, 0.2916666666666667, 0.5254237288135593, 0.375]}
** (exit) exited in: GenServer.call(#PID<0.258.0>, {:get_class, #PID<0.174.0>}, 5000)
    ** (EXIT) no process
18:48:53.023 [error] GenServer #PID<0.145.0> terminating
Last message: {:"$gen_cast", {:work, #PID<0.259.0>, 1, 1, 0.4483, 2, 0.9, #PID<0.105.0>, #PID<0.257.0>, #PID<0.258.0>}}
State: {#PID<0.145.0>, [0.027777777777777922, 0.41666666666666663, 0.05084745762711865, 0.04166666666666667]}
** (exit) exited in: GenServer.call(#PID<0.258.0>, {:get_class, #PID<0.145.0>}, 5000)
    ** (EXIT) no process
18:48:53.024 [error] GenServer #PID<0.213.0> terminating
Last message: {:"$gen_cast", {:work, #PID<0.259.0>, 1, 1, 0.4483, 2, 0.9, #PID<0.105.0>, #PID<0.257.0>, #PID<0.258.0>}}
State: {#PID<0.213.0>, [0.1666666666666668, 0.20833333333333331, 0.5932203389830508, 0.6666666666666666]}
** (exit) exited in: GenServer.call(#PID<0.258.0>, {:get_class, #PID<0.213.0>}, 5000)
    ** (EXIT) no process
18:48:53.025 [error] GenServer #PID<0.247.0> terminating
Last message: {:"$gen_cast", {:work, #PID<0.259.0>, 1, 1, 0.4483, 2, 0.9, #PID<0.105.0>, #PID<0.257.0>, #PID<0.258.0>}}
State: {#PID<0.247.0>, [0.6666666666666666, 0.4583333333333333, 0.7796610169491525, 0.9583333333333333]}
** (exit) exited in: GenServer.call(#PID<0.258.0>, {:update_class, #PID<0.247.0>, 140}, 5000)
    ** (EXIT) no process
18:48:53.026 [error] GenServer #PID<0.148.0> terminating
Last message: {:"$gen_cast", {:work, #PID<0.259.0>, 1, 1, 0.4483, 2, 0.9, #PID<0.105.0>, #PID<0.257.0>, #PID<0.258.0>}}
State: {#PID<0.148.0>, [0.055555555555555594, 0.1249999999999999, 0.05084745762711865, 0.08333333333333333]}
** (exit) exited in: GenServer.call(#PID<0.258.0>, {:update_class, #PID<0.148.0>, 41}, 5000)
    ** (EXIT) no process
18:48:53.027 [error] GenServer #PID<0.123.0> terminating
Last message: {:"$gen_cast", {:work, #PID<0.259.0>, 1, 1, 0.4483, 2, 0.9, #PID<0.105.0>, #PID<0.257.0>, #PID<0.258.0>}}
State: {#PID<0.123.0>, [0.30555555555555564, 0.7916666666666665, 0.05084745762711865, 0.12500000000000003]}
** (exit) exited in: GenServer.call(#PID<0.258.0>, {:get_class, #PID<0.123.0>}, 5000)
    ** (EXIT) no process
18:48:53.027 [error] GenServer #PID<0.168.0> terminating
Last message: {:"$gen_cast", {:work, #PID<0.259.0>, 1, 1, 0.4483, 2, 0.9, #PID<0.105.0>, #PID<0.257.0>, #PID<0.258.0>}}
State: {#PID<0.168.0>, [0.44444444444444453, 0.41666666666666663, 0.5423728813559322, 0.5833333333333334]}
** (exit) exited in: GenServer.call(#PID<0.258.0>, {:get_class, #PID<0.168.0>}, 5000)
    ** (EXIT) no process
18:48:53.028 [error] GenServer #PID<0.146.0> terminating
Last message: {:"$gen_cast", {:work, #PID<0.259.0>, 1, 1, 0.4483, 2, 0.9, #PID<0.105.0>, #PID<0.257.0>, #PID<0.258.0>}}
State: {#PID<0.146.0>, [0.22222222222222213, 0.5833333333333333, 0.0847457627118644, 0.04166666666666667]}
** (exit) exited in: GenServer.call(#PID<0.258.0>, {:get_class, #PID<0.146.0>}, 5000)
    ** (EXIT) no process
18:48:53.029 [error] GenServer #PID<0.138.0> terminating
Last message: {:"$gen_cast", {:work, #PID<0.259.0>, 1, 1, 0.4483, 2, 0.9, #PID<0.105.0>, #PID<0.257.0>, #PID<0.258.0>}}
State: {#PID<0.138.0>, [0.30555555555555564, 0.5833333333333333, 0.0847457627118644, 0.12500000000000003]}
** (exit) exited in: GenServer.call(#PID<0.258.0>, {:get_class, #PID<0.138.0>}, 5000)
    ** (EXIT) no process
18:48:53.030 [error] GenServer #PID<0.130.0> terminating
Last message: {:"$gen_cast", {:work, #PID<0.259.0>, 1, 1, 0.4483, 2, 0.9, #PID<0.105.0>, #PID<0.257.0>, #PID<0.258.0>}}
State: {#PID<0.130.0>, [0.22222222222222213, 0.5416666666666665, 0.11864406779661016, 0.16666666666666669]}
** (exit) exited in: GenServer.call(#PID<0.258.0>, {:get_class, #PID<0.130.0>}, 5000)
    ** (EXIT) no process
18:48:53.031 [error] GenServer #PID<0.170.0> terminating
Last message: {:"$gen_cast", {:work, #PID<0.259.0>, 1, 1, 0.4483, 2, 0.9, #PID<0.105.0>, #PID<0.257.0>, #PID<0.258.0>}}
State: {#PID<0.170.0>, [0.4999999999999999, 0.3749999999999999, 0.6271186440677966, 0.5416666666666666]}
** (exit) exited in: GenServer.call(#PID<0.258.0>, {:get_class, #PID<0.170.0>}, 5000)
    ** (EXIT) no process
18:48:53.031 [error] GenServer #PID<0.246.0> terminating
Last message: {:"$gen_cast", {:work, #PID<0.259.0>, 1, 1, 0.4483, 2, 0.9, #PID<0.105.0>, #PID<0.257.0>, #PID<0.258.0>}}
State: {#PID<0.246.0>, [0.7222222222222222, 0.4583333333333333, 0.7457627118644068, 0.8333333333333334]}
** (exit) exited in: GenServer.call(#PID<0.258.0>, {:get_class, #PID<0.246.0>}, 5000)
    ** (EXIT) no process
18:48:53.032 [error] GenServer #PID<0.160.0> terminating
Last message: {:"$gen_cast", {:work, #PID<0.259.0>, 1, 1, 0.4483, 2, 0.9, #PID<0.105.0>, #PID<0.257.0>, #PID<0.258.0>}}
State: {#PID<0.160.0>, [0.3333333333333333, 0.1249999999999999, 0.5084745762711864, 0.5]}
** (exit) exited in: GenServer.call(#PID<0.258.0>, {:get_class, #PID<0.160.0>}, 5000)
    ** (EXIT) no process
18:48:53.032 [error] GenServer #PID<0.142.0> terminating
Last message: {:"$gen_cast", {:work, #PID<0.259.0>, 1, 1, 0.4483, 2, 0.9, #PID<0.105.0>, #PID<0.257.0>, #PID<0.258.0>}}
State: {#PID<0.142.0>, [0.19444444444444448, 0.5, 0.033898305084745756, 0.04166666666666667]}
** (exit) exited in: GenServer.call(#PID<0.258.0>, {:get_class, #PID<0.142.0>}, 5000)
    ** (EXIT) no process
18:48:53.033 [error] GenServer #PID<0.154.0> terminating
Last message: {:"$gen_cast", {:work, #PID<0.259.0>, 1, 1, 0.4483, 2, 0.9, #PID<0.105.0>, #PID<0.257.0>, #PID<0.258.0>}}
State: {#PID<0.154.0>, [0.08333333333333327, 0.5, 0.06779661016949151, 0.04166666666666667]}
** (exit) exited in: GenServer.call(#PID<0.258.0>, {:update_class, #PID<0.154.0>, 47}, 5000)
    ** (EXIT) no process
18:48:53.033 [error] GenServer #PID<0.140.0> terminating
Last message: {:"$gen_cast", {:work, #PID<0.259.0>, 1, 1, 0.4483, 2, 0.9, #PID<0.105.0>, #PID<0.257.0>, #PID<0.258.0>}}
State: {#PID<0.140.0>, [0.3333333333333333, 0.9166666666666666, 0.06779661016949151, 0.04166666666666667]}
** (exit) exited in: GenServer.call(#PID<0.258.0>, {:get_class, #PID<0.140.0>}, 5000)
    ** (EXIT) no process
18:48:53.033 [error] GenServer #PID<0.180.0> terminating
Last message: {:"$gen_cast", {:work, #PID<0.259.0>, 1, 1, 0.4483, 2, 0.9, #PID<0.105.0>, #PID<0.257.0>, #PID<0.258.0>}}
State: {#PID<0.180.0>, [0.4999999999999999, 0.3333333333333332, 0.6271186440677966, 0.4583333333333333]}
** (exit) exited in: GenServer.call(#PID<0.258.0>, {:get_class, #PID<0.180.0>}, 5000)
    ** (EXIT) no process
18:48:53.034 [error] GenServer #PID<0.241.0> terminating
Last message: {:"$gen_cast", {:work, #PID<0.259.0>, 1, 1, 0.4483, 2, 0.9, #PID<0.105.0>, #PID<0.257.0>, #PID<0.258.0>}}
State: {#PID<0.241.0>, [0.4999999999999999, 0.25, 0.7796610169491525, 0.5416666666666666]}
** (exit) exited in: GenServer.call(#PID<0.258.0>, {:get_class, #PID<0.241.0>}, 5000)
    ** (EXIT) no process
18:48:53.034 [error] GenServer #PID<0.190.0> terminating
Last message: {:"$gen_cast", {:work, #PID<0.259.0>, 1, 1, 0.4483, 2, 0.9, #PID<0.105.0>, #PID<0.257.0>, #PID<0.258.0>}}
State: {#PID<0.190.0>, [0.4722222222222222, 0.2916666666666667, 0.6949152542372881, 0.625]}
** (exit) exited in: GenServer.call(#PID<0.258.0>, {:update_class, #PID<0.190.0>, 83}, 5000)
    ** (EXIT) no process
18:48:53.034 [error] GenServer #PID<0.178.0> terminating
Last message: {:"$gen_cast", {:work, #PID<0.259.0>, 1, 1, 0.4483, 2, 0.9, #PID<0.105.0>, #PID<0.257.0>, #PID<0.258.0>}}
State: {#PID<0.178.0>, [0.4999999999999999, 0.3333333333333332, 0.5084745762711864, 0.5]}
** (exit) exited in: GenServer.call(#PID<0.258.0>, {:get_class, #PID<0.178.0>}, 5000)
    ** (EXIT) no process
18:48:53.035 [error] GenServer #PID<0.224.0> terminating
Last message: {:"$gen_cast", {:work, #PID<0.259.0>, 1, 1, 0.4483, 2, 0.9, #PID<0.105.0>, #PID<0.257.0>, #PID<0.258.0>}}
State: {#PID<0.224.0>, [0.9444444444444444, 0.7499999999999998, 0.9661016949152542, 0.8750000000000001]}
** (exit) exited in: GenServer.call(#PID<0.258.0>, {:update_class, #PID<0.224.0>, 117}, 5000)
    ** (EXIT) no process
18:48:53.035 [error] GenServer #PID<0.116.0> terminating
Last message: {:"$gen_cast", {:work, #PID<0.259.0>, 1, 1, 0.4483, 2, 0.9, #PID<0.105.0>, #PID<0.257.0>, #PID<0.258.0>}}
State: {#PID<0.116.0>, [0.1666666666666668, 0.4583333333333333, 0.0847457627118644, 0.0]}
** (exit) exited in: GenServer.call(#PID<0.258.0>, {:get_class, #PID<0.116.0>}, 5000)
    ** (EXIT) no process
18:48:53.035 [error] GenServer #PID<0.222.0> terminating
Last message: {:"$gen_cast", {:work, #PID<0.259.0>, 1, 1, 0.4483, 2, 0.9, #PID<0.105.0>, #PID<0.257.0>, #PID<0.258.0>}}
State: {#PID<0.222.0>, [0.5833333333333334, 0.5, 0.7288135593220338, 0.9166666666666666]}
** (exit) exited in: GenServer.call(#PID<0.258.0>, {:get_class, #PID<0.222.0>}, 5000)
    ** (EXIT) no process
18:48:53.035 [error] GenServer #PID<0.164.0> terminating
Last message: {:"$gen_cast", {:work, #PID<0.259.0>, 1, 1, 0.4483, 2, 0.9, #PID<0.105.0>, #PID<0.257.0>, #PID<0.258.0>}}
State: {#PID<0.164.0>, [0.1666666666666668, 0.1666666666666666, 0.38983050847457623, 0.375]}
** (exit) exited in: GenServer.call(#PID<0.258.0>, {:update_class, #PID<0.164.0>, 57}, 5000)
    ** (EXIT) no process
18:48:53.036 [error] GenServer #PID<0.127.0> terminating
Last message: {:"$gen_cast", {:work, #PID<0.259.0>, 1, 1, 0.4483, 2, 0.9, #PID<0.105.0>, #PID<0.257.0>, #PID<0.258.0>}}
State: {#PID<0.127.0>, [0.30555555555555564, 0.5833333333333333, 0.11864406779661016, 0.04166666666666667]}
** (exit) exited in: GenServer.call(#PID<0.258.0>, {:update_class, #PID<0.127.0>, 20}, 5000)
    ** (EXIT) no process
18:48:53.036 [error] GenServer #PID<0.167.0> terminating
Last message: {:"$gen_cast", {:work, #PID<0.259.0>, 1, 1, 0.4483, 2, 0.9, #PID<0.105.0>, #PID<0.257.0>, #PID<0.258.0>}}
State: {#PID<0.167.0>, [0.19444444444444448, 0.0, 0.423728813559322, 0.375]}
** (exit) exited in: GenServer.call(#PID<0.258.0>, {:get_class, #PID<0.167.0>}, 5000)
    ** (EXIT) no process
18:48:53.036 [error] GenServer #PID<0.119.0> terminating
Last message: {:"$gen_cast", {:work, #PID<0.259.0>, 1, 1, 0.4483, 2, 0.9, #PID<0.105.0>, #PID<0.257.0>, #PID<0.258.0>}}
State: {#PID<0.119.0>, [0.13888888888888887, 0.41666666666666663, 0.06779661016949151, 0.0]}
** (exit) exited in: GenServer.call(#PID<0.258.0>, {:update_class, #PID<0.119.0>, 12}, 5000)
    ** (EXIT) no process
18:48:53.037 [error] GenServer #PID<0.187.0> terminating
Last message: {:"$gen_cast", {:work, #PID<0.259.0>, 1, 1, 0.4483, 2, 0.9, #PID<0.105.0>, #PID<0.257.0>, #PID<0.258.0>}}
State: {#PID<0.187.0>, [0.3333333333333333, 0.1666666666666666, 0.47457627118644063, 0.4166666666666667]}
** (exit) exited in: GenServer.call(#PID<0.258.0>, {:update_class, #PID<0.187.0>, 80}, 5000)
    ** (EXIT) no process
18:48:53.037 [error] GenServer #PID<0.200.0> terminating
Last message: {:"$gen_cast", {:work, #PID<0.259.0>, 1, 1, 0.4483, 2, 0.9, #PID<0.105.0>, #PID<0.257.0>, #PID<0.258.0>}}
State: {#PID<0.200.0>, [0.19444444444444448, 0.1249999999999999, 0.38983050847457623, 0.375]}
** (exit) exited in: GenServer.call(#PID<0.258.0>, {:update_class, #PID<0.200.0>, 93}, 5000)
    ** (EXIT) no process
18:48:53.037 [error] GenServer #PID<0.208.0> terminating
Last message: {:"$gen_cast", {:work, #PID<0.259.0>, 1, 1, 0.4483, 2, 0.9, #PID<0.105.0>, #PID<0.257.0>, #PID<0.258.0>}}
State: {#PID<0.208.0>, [0.41666666666666663, 0.2916666666666667, 0.6949152542372881, 0.75]}
** (exit) exited in: GenServer.call(#PID<0.258.0>, {:update_class, #PID<0.208.0>, 101}, 5000)
    ** (EXIT) no process
18:48:53.038 [error] GenServer #PID<0.184.0> terminating
Last message: {:"$gen_cast", {:work, #PID<0.259.0>, 1, 1, 0.4483, 2, 0.9, #PID<0.105.0>, #PID<0.257.0>, #PID<0.258.0>}}
State: {#PID<0.184.0>, [0.6666666666666666, 0.41666666666666663, 0.6779661016949152, 0.6666666666666666]}
** (exit) exited in: GenServer.call(#PID<0.258.0>, {:update_class, #PID<0.184.0>, 77}, 5000)
    ** (EXIT) no process
18:48:53.038 [error] GenServer #PID<0.182.0> terminating
Last message: {:"$gen_cast", {:work, #PID<0.259.0>, 1, 1, 0.4483, 2, 0.9, #PID<0.105.0>, #PID<0.257.0>, #PID<0.258.0>}}
State: {#PID<0.182.0>, [0.6388888888888887, 0.41666666666666663, 0.576271186440678, 0.5416666666666666]}
** (exit) exited in: GenServer.call(#PID<0.258.0>, {:update_class, #PID<0.182.0>, 75}, 5000)
    ** (EXIT) no process
18:48:53.038 [error] GenServer #PID<0.195.0> terminating
Last message: {:"$gen_cast", {:work, #PID<0.259.0>, 1, 1, 0.4483, 2, 0.9, #PID<0.105.0>, #PID<0.257.0>, #PID<0.258.0>}}
State: {#PID<0.195.0>, [0.361111111111111, 0.41666666666666663, 0.5254237288135593, 0.5]}
** (exit) exited in: GenServer.call(#PID<0.258.0>, {:update_class, #PID<0.195.0>, 88}, 5000)
    ** (EXIT) no process
18:48:53.039 [error] GenServer #PID<0.156.0> terminating
Last message: {:"$gen_cast", {:work, #PID<0.259.0>, 1, 1, 0.4483, 2, 0.9, #PID<0.105.0>, #PID<0.257.0>, #PID<0.258.0>}}
State: {#PID<0.156.0>, [0.19444444444444448, 0.5416666666666665, 0.06779661016949151, 0.04166666666666667]}
** (exit) exited in: GenServer.call(#PID<0.258.0>, {:update_class, #PID<0.156.0>, 49}, 5000)
    ** (EXIT) no process
18:48:53.039 [error] GenServer #PID<0.109.0> terminating
Last message: {:"$gen_cast", {:work, #PID<0.259.0>, 1, 1, 0.4483, 2, 0.9, #PID<0.105.0>, #PID<0.257.0>, #PID<0.258.0>}}
State: {#PID<0.109.0>, [0.11111111111111119, 0.5, 0.05084745762711865, 0.04166666666666667]}
** (exit) exited in: GenServer.call(#PID<0.258.0>, {:update_class, #PID<0.109.0>, 2}, 5000)
    ** (EXIT) no process
18:48:53.039 [error] GenServer #PID<0.165.0> terminating
Last message: {:"$gen_cast", {:work, #PID<0.259.0>, 1, 1, 0.4483, 2, 0.9, #PID<0.105.0>, #PID<0.257.0>, #PID<0.258.0>}}
State: {#PID<0.165.0>, [0.6388888888888887, 0.3749999999999999, 0.6101694915254237, 0.5]}
** (exit) exited in: GenServer.call(#PID<0.258.0>, {:update_class, #PID<0.165.0>, 58}, 5000)
    ** (EXIT) no process
18:48:53.040 [error] GenServer #PID<0.216.0> terminating
Last message: {:"$gen_cast", {:work, #PID<0.259.0>, 1, 1, 0.4483, 2, 0.9, #PID<0.105.0>, #PID<0.257.0>, #PID<0.258.0>}}
State: {#PID<0.216.0>, [0.8055555555555556, 0.6666666666666666, 0.8644067796610169, 1.0]}
** (exit) exited in: GenServer.call(#PID<0.258.0>, {:update_class, #PID<0.216.0>, 109}, 5000)
    ** (EXIT) no process
18:48:53.040 [error] GenServer #PID<0.162.0> terminating
Last message: {:"$gen_cast", {:work, #PID<0.259.0>, 1, 1, 0.4483, 2, 0.9, #PID<0.105.0>, #PID<0.257.0>, #PID<0.258.0>}}
State: {#PID<0.162.0>, [0.38888888888888895, 0.3333333333333332, 0.5932203389830508, 0.5]}
** (exit) exited in: GenServer.call(#PID<0.258.0>, {:update_class, #PID<0.162.0>, 55}, 5000)
    ** (EXIT) no process
18:48:53.040 [error] GenServer #PID<0.219.0> terminating
Last message: {:"$gen_cast", {:work, #PID<0.259.0>, 1, 1, 0.4483, 2, 0.9, #PID<0.105.0>, #PID<0.257.0>, #PID<0.258.0>}}
State: {#PID<0.219.0>, [0.6944444444444443, 0.41666666666666663, 0.7627118644067796, 0.8333333333333334]}
** (exit) exited in: GenServer.call(#PID<0.258.0>, {:update_class, #PID<0.219.0>, 112}, 5000)
    ** (EXIT) no process
18:48:53.040 [error] GenServer #PID<0.227.0> terminating
Last message: {:"$gen_cast", {:work, #PID<0.259.0>, 1, 1, 0.4483, 2, 0.9, #PID<0.105.0>, #PID<0.257.0>, #PID<0.258.0>}}
State: {#PID<0.227.0>, [0.7222222222222222, 0.5, 0.7966101694915254, 0.9166666666666666]}
** (exit) exited in: GenServer.call(#PID<0.258.0>, {:update_class, #PID<0.227.0>, 120}, 5000)
    ** (EXIT) no process
18:48:53.041 [error] GenServer #PID<0.194.0> terminating
Last message: {:"$gen_cast", {:work, #PID<0.259.0>, 1, 1, 0.4483, 2, 0.9, #PID<0.105.0>, #PID<0.257.0>, #PID<0.258.0>}}
State: {#PID<0.194.0>, [0.5555555555555555, 0.1249999999999999, 0.576271186440678, 0.5]}
** (exit) exited in: GenServer.call(#PID<0.258.0>, {:update_class, #PID<0.194.0>, 87}, 5000)
    ** (EXIT) no process
18:48:53.761 [error] GenServer #PID<0.166.0> terminating
Last message: {:"$gen_cast", {:work, #PID<0.259.0>, 1, 1, 0.3955558627868953, 37.06522430531845, 0.9, #PID<0.105.0>, #PID<0.257.0>, #PID<0.258.0>}}
State: {#PID<0.166.0>, [0.25000000000000006, 0.2916666666666667, 0.4915254237288135, 0.5416666666666666]}
** (exit) exited in: GenServer.call(#PID<0.258.0>, {:get_class, #PID<0.166.0>}, 5000)
    ** (EXIT) no process
18:48:53.762 [error] GenServer #PID<0.141.0> terminating
Last message: {:"$gen_cast", {:work, #PID<0.259.0>, 1, 1, 0.3955558627868953, 37.06522430531845, 0.9, #PID<0.105.0>, #PID<0.257.0>, #PID<0.258.0>}}
State: {#PID<0.141.0>, [0.1666666666666668, 0.4583333333333333, 0.0847457627118644, 0.04166666666666667]}
** (exit) exited in: GenServer.call(#PID<0.258.0>, {:get_class, #PID<0.141.0>}, 5000)
    ** (EXIT) no process
